#
# A fatal error has been detected by the Java Runtime Environment:
#
#  EXCEPTION_ACCESS_VIOLATION (0xc0000005) at pc=0x00007ffd5b1515e5, pid=26888, tid=28996
#
# JRE version: Java(TM) SE Runtime Environment (23.0.2+7) (build 23.0.2+7-58)
# Java VM: Java HotSpot(TM) 64-Bit Server VM (23.0.2+7-58, mixed mode, sharing, tiered, compressed oops, compressed class ptrs, g1 gc, windows-amd64)
# Problematic frame:
# C  [ig11icd64.dll+0x415e5]
#
# No core dump will be written. Minidumps are not enabled by default on client versions of Windows
#
# If you would like to submit a bug report, please visit:
#   https://bugreport.java.com/bugreport/crash.jsp
#

---------------  S U M M A R Y ------------

Command Line: -XX:+ShowCodeDetailsInExceptionMessages voxel.view.MenuPrincipalApp

Host: Intel(R) Core(TM) i5-1035G1 CPU @ 1.00GHz, 8 cores, 7G,  Windows 11 , 64 bit Build 26100 (10.0.26100.3775)
Time: Sat Apr 26 20:31:16 2025 Paris, Madrid (heure duild 26100 (10.0.26100.3775) elapsed time: 158.742683 seconds (0d 0h 2m 38s)

---------------  T H R E A D  ---------------

Current thread (0x00000158c4670c40):  VMThread "VM Thread"          [id=28996, stack(0x0000001c48000000,0x0000001c48100000) (1024K)]

Stack: [0x0000001c48000000,0x0000001c48100000],  sp=0x0000001c480fe490,  free space=1017k
Native frames: (J=compiled Java code, j=interpreted, Vv=VM code, C=native code)
C  [ig11icd64.dll+0x415e5]  (no source info available)
C  [ig11icd64.dll+0x24a56]  (no source info available)
C  [ig11icd64.dll+0x208e54]  (no source info available)
C  [ig11icd64.dll+0x89dc7]  (no source info available)
C  [ig11icd64.dll+0x151af3]  (no source info available)
C  [ig11icd64.dll+0x1c5dd]  (no source info available)
C  [ig11icd64.dll+0x94e2fb]  (no source info available)
C  [ntdll.dll+0x38830]  (no source info available)
C  [ntdll.dll+0xb24f0]  (no source info available)
C  [ntdll.dll+0xb16b4]  (no source info available)
C  [KERNEL32.DLL+0x418ab]  (no source info available)
C  [ucrtbase.dll+0xa0093]  (no source info available)
V  [jvm.dll+0x6d9b3c]  (no source info available)
V  [jvm.dll+0x6d9670]  (no source info available)
V  [jvm.dll+0x3da724]  (no source info available)
V  [jvm.dll+0x886d50]  (no source info available)
V  [jvm.dll+0x888077]  (no source info available)
V  [jvm.dll+0x8885a8]  (no source info available)
V  [jvm.dll+0x888843]  (no source info available)
V  [jvm.dll+0x8254cb]  (no source info available)
V  [jvm.dll+0x6df345]  (no source info available)
C  [ucrtbase.dll+0x37b0]  (no source info available)
C  [KERNEL32.DLL+0x2e8d7]  (no source info available)
C  [ntdll.dll+0xb14fc]  (no source info available)


siginfo: EXCEPTION_ACCESS_VIOLATION (0xc0000005), reading address 0x0000000000034868


Registers:
RAX=0x0000015910d2e8c0, RBX=0x0000015910d2e7c0, RCX=0x0000000000000000, RDX=0x0000015910d2e888
RSP=0x0000001c480fe490, RBP=0x0000000000000000, RSI=0x0000015913a19670, RDI=0x00000158c47e8f20
R8 =0x00000158a54f02c0, R9 =0x0000001c475eb000, R10=0x0000000000000000, R11=0x0000000000000246
R12=0x000001590a6f8600, R13=0x0000000000000000, R14=0x0000015910d2ec50, R15=0x0000000000000000
RIP=0x00007ffd5b1515e5, EFLAGS=0x0000000000010206


Register to memory mapping:

RAX=0x0000015910d2e8c0 points into unknown readable memory: 0x00000000006b5514 | 14 55 6b 00 00 00 00 00
RBX=0x0000015910d2e7c0 points into unknown readable memory: 0x000001590a183420 | 20 34 18 0a 59 01 00 00
RCX=0x0 is null
RDX=0x0000015910d2e888 points into unknown readable memory: 0x0000000000000000 | 00 00 00 00 00 00 00 00
RSP=0x0000001c480fe490 points into unknown readable memory: 0x000001590a0fddb0 | b0 dd 0f 0a 59 01 00 00
RBP=0x0 is null
RSI=0x0000015913a19670 points into unknown readable memory: 0x000001590a183420 | 20 34 18 0a 59 01 00 00
RDI=0x00000158c47e8f20 points into unknown readable memory: 0x0000000000000000 | 00 00 00 00 00 00 00 00
R8 =0x00000158a54f02c0 points into unknown readable memory: 0x00007ffd446c4890 | 90 48 6c 44 fd 7f 00 00
R9 =0x0000001c475eb000 points into unknown readable memory: 0x0000000000000000 | 00 00 00 00 00 00 00 00
R10=0x0 is null
R11=0x0000000000000246 is an unknown value
R12=0x000001590a6f8600 points into unknown readable memory: 0x0000000000000000 | 00 00 00 00 00 00 00 00
R13=0x0 is null
R14=0x0000015910d2ec50 points into unknown readable memory: 0x0000015913a19670 | 70 96 a1 13 59 01 00 00
R15=0x0 is null

Top of Stack: (sp=0x0000001c480fe490)
0x0000001c480fe490:   000001590a0fddb0 0000000000000000
0x0000001c480fe4a0:   0000a22095606717 0000005400000000
0x0000001c480fe4b0:   0000000000000088 0000000000000000
0x0000001c480fe4c0:   00000000006b64f8 000001590a6f8640
0x0000001c480fe4d0:   0000b80203ef00a8 00007ffd5b134a56
0x0000001c480fe4e0:   000001590a0fddb0 00000158c47e8f20
0x0000001c480fe4f0:   0000001c480fe5e0 0000000000000000
0x0000001c480fe500:   0000000000000000 0000000000000000
0x0000001c480fe510:   0000000000000000 0000000000000000
0x0000001c480fe520:   0000ef4800000000 0000000000000000
0x0000001c480fe530:   0000000000000000 0000000000000000
0x0000001c480fe540:   0000a220956061a7 0000000000000000
0x0000001c480fe550:   0000000000000000 0000001c480fe630
0x0000001c480fe560:   0000000000000088 000001590a6f9900
0x0000001c480fe570:   0000000000000000 000001590a6f9908
0x0000001c480fe580:   0000b80203ef00a8 0000000000162f18
0x0000001c480fe590:   0000000000000000 4000220000000001
0x0000001c480fe5a0:   0000000000000000 0000000000000000
0x0000001c480fe5b0:   0000000000000000 0000000000000000
0x0000001c480fe5c0:   0000000000000000 0000000000000000
0x0000001c480fe5d0:   0000000000000000 0000000000000000
0x0000001c480fe5e0:   0000000000000000 0000000000000000
0x0000001c480fe5f0:   0000000000000000 0000000000000000
0x0000001c480fe600:   0000000000000000 0000000000000000
0x0000001c480fe610:   0000000000000000 0000000000000000
0x0000001c480fe620:   0000000000000000 0000000000000000
0x0000001c480fe630:   0000000000000000 0000000000000000
0x0000001c480fe640:   0000000000000000 0000000000000000
0x0000001c480fe650:   0000000000000000 0000000000000000
0x0000001c480fe660:   0000000000000000 0000000000000000
0x0000001c480fe670:   0000000000000000 0000000000000000
0x0000001c480fe680:   0000000000000000 0000000000000000 

Instructions: (pc=0x00007ffd5b1515e5)
0x00007ffd5b1514e5:   c7 87 88 02 00 00 00 00 00 00 48 c7 87 a0 02 00
0x00007ffd5b1514f5:   00 00 00 00 00 48 c7 87 90 02 00 00 00 00 00 00
0x00007ffd5b151505:   48 85 ed 75 1c 65 48 8b 0c 25 58 00 00 00 8b 05
0x00007ffd5b151515:   fb 53 e4 00 bd 10 00 00 00 48 8b 04 c1 48 8b 2c
0x00007ffd5b151525:   28 48 85 f6 0f 84 4d 03 00 00 90 48 8b de 4c 8d
0x00007ffd5b151535:   b6 90 04 00 00 49 8b 36 45 84 ff 0f 85 eb 02 00
0x00007ffd5b151545:   00 8b 8f e0 01 00 00 48 8b 05 9d c0 c5 00 83 b8
0x00007ffd5b151555:   50 03 00 00 02 0f 85 f9 00 00 00 48 8d 93 c8 00
0x00007ffd5b151565:   00 00 83 f9 10 73 06 48 6b c1 38 eb 5d 44 8d 41
0x00007ffd5b151575:   f0 41 8b c0 c1 e8 04 83 f8 03 73 20 0f ae e8 41
0x00007ffd5b151585:   83 e0 0f 4c 8b 8c c2 80 03 00 00 4d 85 c9 74 28
0x00007ffd5b151595:   41 8b c0 48 6b c0 38 49 03 c1 eb 31 48 8b 82 98
0x00007ffd5b1515a5:   03 00 00 48 85 c0 74 10 0f 1f 00 39 08 74 29 48
0x00007ffd5b1515b5:   8b 40 40 48 85 c0 75 f3 80 ba a0 03 00 00 00 74
0x00007ffd5b1515c5:   1d 8b c1 83 e0 0f 48 6b c0 38 48 03 c2 48 85 c0
0x00007ffd5b1515d5:   74 0c 48 8b 48 08 eb 08 48 83 c0 08 eb ef 33 c9
0x00007ffd5b1515e5:   48 3b 8d 68 48 03 00 76 6b 48 8b 87 80 02 00 00
0x00007ffd5b1515f5:   49 89 06 48 89 9f 80 02 00 00 ff 87 88 02 00 00
0x00007ffd5b151605:   48 8b 4b 08 48 8b 01 ba 01 00 00 00 48 8b 80 d0
0x00007ffd5b151615:   02 00 00 ff 15 6a f0 9f 00 0f b7 c8 48 2b c1 48
0x00007ffd5b151625:   05 00 00 01 00 48 01 87 90 02 00 00 48 8b 4b 08
0x00007ffd5b151635:   48 8b 01 ba 01 00 00 00 48 8b 80 d0 02 00 00 ff
0x00007ffd5b151645:   15 3e f0 9f 00 48 01 87 a0 02 00 00 41 b4 01 e9
0x00007ffd5b151655:   e3 01 00 00 44 8b 9f e0 01 00 00 48 8b 87 f8 01
0x00007ffd5b151665:   00 00 4c 8b 10 8b 8f e0 01 00 00 48 8d 93 c8 00
0x00007ffd5b151675:   00 00 83 f9 10 73 06 48 6b c1 38 eb 5d 44 8d 41
0x00007ffd5b151685:   f0 41 8b c0 c1 e8 04 83 f8 03 73 20 0f ae e8 41
0x00007ffd5b151695:   83 e0 0f 4c 8b 8c c2 80 03 00 00 4d 85 c9 74 28
0x00007ffd5b1516a5:   41 8b c0 48 6b c0 38 49 03 c1 eb 31 48 8b 82 98
0x00007ffd5b1516b5:   03 00 00 48 85 c0 74 10 0f 1f 00 39 08 74 3e 48
0x00007ffd5b1516c5:   8b 40 40 48 85 c0 75 f3 80 ba a0 03 00 00 00 74
0x00007ffd5b1516d5:   1b 8b c1 83 e0 0f 48 6b c0 38 48 03 c2 48 85 c0 


Stack slot to memory mapping:

stack at sp + 0 slots: 0x000001590a0fddb0 points into unknown readable memory: 0xffffffffffffffff | ff ff ff ff ff ff ff ff
stack at sp + 1 slots: 0x0 is null
stack at sp + 2 slots: 0x0000a22095606717 is an unknown value
stack at sp + 3 slots: 0x0000005400000000 is an unknown value
stack at sp + 4 slots: 0x0000000000000088 is an unknown value
stack at sp + 5 slots: 0x0 is null
stack at sp + 6 slots: 0x00000000006b64f8 is an unknown value
stack at sp + 7 slots: 0x000001590a6f8640 points into unknown readable memory: 0x0000000000000000 | 00 00 00 00 00 00 00 00

VM_Operation (0x0000001c477ff130): Exit, mode: safepoint, requested by thread 0x000001590a17cba0


---------------  P R O C E S S  ---------------

Threads class SMR info:
_java_thread_list=0x0000015910d67600, length=16, elements={
0x00000158c468b160, 0x00000158c468cbd0, 0x00000158c4692c00, 0x00000158c4694280,
0x00000158c4696770, 0x00000158c4698110, 0x00000158c46997d0, 0x00000158c46a1c10,
0x00000158c47ec620, 0x00000158c47fc140, 0x000001590a07b230, 0x00000158a5620ac0,
0x00000159104feae0, 0x00000159107800e0, 0x00000158c4a8fb20, 0x000001590a17cba0
}

Java Threads: ( => current thread )
  0x00000158c468b160 JavaThread "Reference Handler"          daemon [_thread_blocked, id=24056, stack(0x0000001c48100000,0x0000001c48200000) (1024K)]
  0x00000158c468cbd0 JavaThread "Finalizer"                  daemon [_thread_blocked, id=9544, stack(0x0000001c48200000,0x0000001c48300000) (1024K)]
  0x00000158c4692c00 JavaThread "Signal Dispatcher"          daemon [_thread_blocked, id=16376, stack(0x0000001c48300000,0x0000001c48400000) (1024K)]
  0x00000158c4694280 JavaThread "Attach Listener"            daemon [_thread_blocked, id=27404, stack(0x0000001c48400000,0x0000001c48500000) (1024K)]
  0x00000158c4696770 JavaThread "Service Thread"             daemon [_thread_blocked, id=20844, stack(0x0000001c48500000,0x0000001c48600000) (1024K)]
  0x00000158c4698110 JavaThread "Monitor Deflation Thread"   daemon [_thread_blocked, id=16128, stack(0x0000001c48600000,0x0000001c48700000) (1024K)]
  0x00000158c46997d0 JavaThread "C2 CompilerThread0"         daemon [_thread_blocked, id=28636, stack(0x0000001c48700000,0x0000001c48800000) (1024K)]
  0x00000158c46a1c10 JavaThread "C1 CompilerThread0"         daemon [_thread_blocked, id=25396, stack(0x0000001c48800000,0x0000001c48900000) (1024K)]
  0x00000158c47ec620 JavaThread "Notification Thread"        daemon [_thread_blocked, id=11368, stack(0x0000001c48900000,0x0000001c48a00000) (1024K)]
  0x00000158c47fc140 JavaThread "Common-Cleaner"             daemon [_thread_blocked, id=8508, stack(0x0000001c48a00000,0x0000001c48b00000) (1024K)]
  0x000001590a07b230 JavaThread "jME3 Main"                         [_thread_blocked, id=23272, stack(0x0000001c48b00000,0x0000001c48c00000) (1024K)]
  0x00000158a5620ac0 JavaThread "DestroyJavaVM"                     [_thread_blocked, id=23560, stack(0x0000001c47900000,0x0000001c47a00000) (1024K)]
  0x00000159104feae0 JavaThread "jME3 Audio Decoder"         daemon [_thread_blocked, id=26652, stack(0x0000001c49500000,0x0000001c49600000) (1024K)]
  0x00000159107800e0 JavaThread "Java2D Disposer"            daemon [_thread_blocked, id=29464, stack(0x0000001c49600000,0x0000001c49700000) (1024K)]
  0x00000158c4a8fb20 JavaThread "LWJGL Timer"                daemon [_thread_blocked, id=9812, stack(0x0000001c47600000,0x0000001c47700000) (1024K)]
  0x000001590a17cba0 JavaThread "SIGINT handler"             daemon [_thread_blocked, id=26876, stack(0x0000001c47700000,0x0000001c47800000) (1024K)]
Total: 16

Other Threads:
=>0x00000158c4670c40 VMThread "VM Thread"                           [id=28996, stack(0x0000001c48000000,0x0000001c48100000) (1024K)]
  0x00000158a7b0de30 WorkerThread "GC Thread#0"                     [id=29380, stack(0x0000001c47a00000,0x0000001c47b00000) (1024K)]
  0x00000159109947e0 WorkerThread "GC Thread#1"                     [id=23716, stack(0x0000001c49700000,0x0000001c49800000) (1024K)]
  0x0000015910994b90 WorkerThread "GC Thread#2"                     [id=20920, stack(0x0000001c49800000,0x0000001c49900000) (1024K)]
  0x0000015910994f40 WorkerThread "GC Thread#3"                     [id=22556, stack(0x0000001c49900000,0x0000001c49a00000) (1024K)]
  0x00000159109d9af0 WorkerThread "GC Thread#4"                     [id=25428, stack(0x0000001c49a00000,0x0000001c49b00000) (1024K)]
  0x000001591092a8d0 WorkerThread "GC Thread#5"                     [id=17072, stack(0x0000001c49b00000,0x0000001c49c00000) (1024K)]
  0x000001591092ac80 WorkerThread "GC Thread#6"                     [id=18940, stack(0x0000001c49c00000,0x0000001c49d00000) (1024K)]
  0x000001591092f450 WorkerThread "GC Thread#7"                     [id=24112, stack(0x0000001c49d00000,0x0000001c49e00000) (1024K)]
  0x00000158a7b22690 ConcurrentGCThread "G1 Main Marker"            terminated
  0x00000158a7b231a0 WorkerThread "G1 Conc#0"                       [id=22612, stack(0x0000001c47c00000,0x0000001c47d00000) (1024K)]
  0x00000158a7b7e6e0 ConcurrentGCThread "G1 Refine#0"               terminated
  0x00000158c4522360 ConcurrentGCThread "G1 Service"                terminated
Total: 13

Threads with active compile tasks:
Total: 0

VM state: at safepoint (shutting down)

VM Mutex/Monitor currently owned by a thread:  ([mutex/lock_event])
[0x00007ffd446c4888] Threads_lock - owner thread: 0x00000158c4670c40
[0x00007ffd446c4988] Heap_lock - owner thread: 0x000001590a17cba0

Heap address: 0x0000000083600000, size: 1994 MB, Compressed Oops mode: 32-bit

CDS archive(s) mapped at: [0x00000158c5000000-0x00000158c5d70000-0x00000158c5d70000), size 14090240, SharedBaseAddress: 0x00000158c5000000, ArchiveRelocationMode: 1.
Compressed class space mapped at: 0x00000158c6000000-0x0000015906000000, reserved size: 1073741824
Narrow klass base: 0x00000158c5000000, Narrow klass shift: 0, Narrow klass range: 0x41000000

GC Precious Log:
 CardTable entry size: 512
 Card Set container configuration: InlinePtr #cards 5 size 8 Array Of Cards #cards 10 size 36 Howl #buckets 4 coarsen threshold 1843 Howl Bitmap #cards 512 size 80 coarsen threshold 460 Card regions per heap region 1 cards per card region 2048
 CPUs: 8 total, 8 available
 Memory: 7969M
 Large Page Support: Disabled
 NUMA Support: Disabled
 Compressed Oops: Enabled (32-bit)
 Heap Region Size: 1M
 Heap Min Capacity: 8M
 Heap Initial Capacity: 126M
 Heap Max Capacity: 1994M
 Pre-touch: Disabled
 Parallel Workers: 8
 Concurrent Workers: 2
 Concurrent Refinement Workers: 8
 Periodic GC: Disabled

Heap:
 garbage-first heap   total reserved 2041856K, committed 129024K, used 24623K [0x0000000083600000, 0x0000000100000000)
  region size 1024K, 21 young (21504K), 2 survivors (2048K)
 Metaspace       used 12432K, committed 12672K, reserved 1114112K
  class space    used 1098K, committed 1216K, reserved 1048576K

Heap Regions: E=young(eden), S=young(survivor), O=old, HS=humongous(starts), HC=humongous(continues), CS=collection set, F=free, TAMS=top-at-mark-start, PB=parsable bottom
|   0|0x0000000083600000, 0x0000000083700000, 0x0000000083700000|100%| O|  |TAMS 0x0000000083600000| PB 0x0000000083600000| Untracked |  0
|   1|0x0000000083700000, 0x0000000083800000, 0x0000000083800000|100%| O|  |TAMS 0x0000000083700000| PB 0x0000000083700000| Untracked |  0
|   2|0x0000000083800000, 0x0000000083900000, 0x0000000083900000|100%| O|  |TAMS 0x0000000083800000| PB 0x0000000083800000| Untracked |  0
|   3|0x0000000083900000, 0x0000000083a00000, 0x0000000083a00000|100%| O|  |TAMS 0x0000000083900000| PB 0x0000000083900000| Untracked |  0
|   4|0x0000000083a00000, 0x0000000083a3c4a0, 0x0000000083b00000| 23%| O|  |TAMS 0x0000000083a00000| PB 0x0000000083a00000| Untracked |  0
|   5|0x0000000083b00000, 0x0000000083b00000, 0x0000000083c00000|  0%| F|  |TAMS 0x0000000083b00000| PB 0x0000000083b00000| Untracked |  0
|   6|0x0000000083c00000, 0x0000000083c00000, 0x0000000083d00000|  0%| F|  |TAMS 0x0000000083c00000| PB 0x0000000083c00000| Untracked |  0
|   7|0x0000000083d00000, 0x0000000083d00000, 0x0000000083e00000|  0%| F|  |TAMS 0x0000000083d00000| PB 0x0000000083d00000| Untracked |  0
|   8|0x0000000083e00000, 0x0000000083e00000, 0x0000000083f00000|  0%| F|  |TAMS 0x0000000083e00000| PB 0x0000000083e00000| Untracked |  0
|   9|0x0000000083f00000, 0x0000000083f00000, 0x0000000084000000|  0%| F|  |TAMS 0x0000000083f00000| PB 0x0000000083f00000| Untracked |  0
|  10|0x0000000084000000, 0x0000000084000000, 0x0000000084100000|  0%| F|  |TAMS 0x0000000084000000| PB 0x0000000084000000| Untracked |  0
|  11|0x0000000084100000, 0x0000000084100000, 0x0000000084200000|  0%| F|  |TAMS 0x0000000084100000| PB 0x0000000084100000| Untracked |  0
|  12|0x0000000084200000, 0x0000000084200000, 0x0000000084300000|  0%| F|  |TAMS 0x0000000084200000| PB 0x0000000084200000| Untracked |  0
|  13|0x0000000084300000, 0x0000000084300000, 0x0000000084400000|  0%| F|  |TAMS 0x0000000084300000| PB 0x0000000084300000| Untracked |  0
|  14|0x0000000084400000, 0x0000000084400000, 0x0000000084500000|  0%| F|  |TAMS 0x0000000084400000| PB 0x0000000084400000| Untracked |  0
|  15|0x0000000084500000, 0x0000000084500000, 0x0000000084600000|  0%| F|  |TAMS 0x0000000084500000| PB 0x0000000084500000| Untracked |  0
|  16|0x0000000084600000, 0x0000000084600000, 0x0000000084700000|  0%| F|  |TAMS 0x0000000084600000| PB 0x0000000084600000| Untracked |  0
|  17|0x0000000084700000, 0x0000000084700000, 0x0000000084800000|  0%| F|  |TAMS 0x0000000084700000| PB 0x0000000084700000| Untracked |  0
|  18|0x0000000084800000, 0x0000000084800000, 0x0000000084900000|  0%| F|  |TAMS 0x0000000084800000| PB 0x0000000084800000| Untracked |  0
|  19|0x0000000084900000, 0x0000000084900000, 0x0000000084a00000|  0%| F|  |TAMS 0x0000000084900000| PB 0x0000000084900000| Untracked |  0
|  20|0x0000000084a00000, 0x0000000084a00000, 0x0000000084b00000|  0%| F|  |TAMS 0x0000000084a00000| PB 0x0000000084a00000| Untracked |  0
|  21|0x0000000084b00000, 0x0000000084b00000, 0x0000000084c00000|  0%| F|  |TAMS 0x0000000084b00000| PB 0x0000000084b00000| Untracked |  0
|  22|0x0000000084c00000, 0x0000000084c00000, 0x0000000084d00000|  0%| F|  |TAMS 0x0000000084c00000| PB 0x0000000084c00000| Untracked |  0
|  23|0x0000000084d00000, 0x0000000084d00000, 0x0000000084e00000|  0%| F|  |TAMS 0x0000000084d00000| PB 0x0000000084d00000| Untracked |  0
|  24|0x0000000084e00000, 0x0000000084e00000, 0x0000000084f00000|  0%| F|  |TAMS 0x0000000084e00000| PB 0x0000000084e00000| Untracked |  0
|  25|0x0000000084f00000, 0x0000000084f00000, 0x0000000085000000|  0%| F|  |TAMS 0x0000000084f00000| PB 0x0000000084f00000| Untracked |  0
|  26|0x0000000085000000, 0x0000000085000000, 0x0000000085100000|  0%| F|  |TAMS 0x0000000085000000| PB 0x0000000085000000| Untracked |  0
|  27|0x0000000085100000, 0x0000000085100000, 0x0000000085200000|  0%| F|  |TAMS 0x0000000085100000| PB 0x0000000085100000| Untracked |  0
|  28|0x0000000085200000, 0x0000000085200000, 0x0000000085300000|  0%| F|  |TAMS 0x0000000085200000| PB 0x0000000085200000| Untracked |  0
|  29|0x0000000085300000, 0x0000000085300000, 0x0000000085400000|  0%| F|  |TAMS 0x0000000085300000| PB 0x0000000085300000| Untracked |  0
|  30|0x0000000085400000, 0x0000000085400000, 0x0000000085500000|  0%| F|  |TAMS 0x0000000085400000| PB 0x0000000085400000| Untracked |  0
|  31|0x0000000085500000, 0x0000000085500000, 0x0000000085600000|  0%| F|  |TAMS 0x0000000085500000| PB 0x0000000085500000| Untracked |  0
|  32|0x0000000085600000, 0x0000000085600000, 0x0000000085700000|  0%| F|  |TAMS 0x0000000085600000| PB 0x0000000085600000| Untracked |  0
|  33|0x0000000085700000, 0x0000000085700000, 0x0000000085800000|  0%| F|  |TAMS 0x0000000085700000| PB 0x0000000085700000| Untracked |  0
|  34|0x0000000085800000, 0x0000000085800000, 0x0000000085900000|  0%| F|  |TAMS 0x0000000085800000| PB 0x0000000085800000| Untracked |  0
|  35|0x0000000085900000, 0x0000000085900000, 0x0000000085a00000|  0%| F|  |TAMS 0x0000000085900000| PB 0x0000000085900000| Untracked |  0
|  36|0x0000000085a00000, 0x0000000085a00000, 0x0000000085b00000|  0%| F|  |TAMS 0x0000000085a00000| PB 0x0000000085a00000| Untracked |  0
|  37|0x0000000085b00000, 0x0000000085b00000, 0x0000000085c00000|  0%| F|  |TAMS 0x0000000085b00000| PB 0x0000000085b00000| Untracked |  0
|  38|0x0000000085c00000, 0x0000000085c00000, 0x0000000085d00000|  0%| F|  |TAMS 0x0000000085c00000| PB 0x0000000085c00000| Untracked |  0
|  39|0x0000000085d00000, 0x0000000085d00000, 0x0000000085e00000|  0%| F|  |TAMS 0x0000000085d00000| PB 0x0000000085d00000| Untracked |  0
|  40|0x0000000085e00000, 0x0000000085e00000, 0x0000000085f00000|  0%| F|  |TAMS 0x0000000085e00000| PB 0x0000000085e00000| Untracked |  0
|  41|0x0000000085f00000, 0x0000000085f00000, 0x0000000086000000|  0%| F|  |TAMS 0x0000000085f00000| PB 0x0000000085f00000| Untracked |  0
|  42|0x0000000086000000, 0x0000000086000000, 0x0000000086100000|  0%| F|  |TAMS 0x0000000086000000| PB 0x0000000086000000| Untracked |  0
|  43|0x0000000086100000, 0x0000000086100000, 0x0000000086200000|  0%| F|  |TAMS 0x0000000086100000| PB 0x0000000086100000| Untracked |  0
|  44|0x0000000086200000, 0x0000000086200000, 0x0000000086300000|  0%| F|  |TAMS 0x0000000086200000| PB 0x0000000086200000| Untracked |  0
|  45|0x0000000086300000, 0x0000000086300000, 0x0000000086400000|  0%| F|  |TAMS 0x0000000086300000| PB 0x0000000086300000| Untracked |  0
|  46|0x0000000086400000, 0x0000000086400000, 0x0000000086500000|  0%| F|  |TAMS 0x0000000086400000| PB 0x0000000086400000| Untracked |  0
|  47|0x0000000086500000, 0x0000000086500000, 0x0000000086600000|  0%| F|  |TAMS 0x0000000086500000| PB 0x0000000086500000| Untracked |  0
|  48|0x0000000086600000, 0x0000000086600000, 0x0000000086700000|  0%| F|  |TAMS 0x0000000086600000| PB 0x0000000086600000| Untracked |  0
|  49|0x0000000086700000, 0x0000000086700000, 0x0000000086800000|  0%| F|  |TAMS 0x0000000086700000| PB 0x0000000086700000| Untracked |  0
|  50|0x0000000086800000, 0x0000000086800000, 0x0000000086900000|  0%| F|  |TAMS 0x0000000086800000| PB 0x0000000086800000| Untracked |  0
|  51|0x0000000086900000, 0x0000000086900000, 0x0000000086a00000|  0%| F|  |TAMS 0x0000000086900000| PB 0x0000000086900000| Untracked |  0
|  52|0x0000000086a00000, 0x0000000086a00000, 0x0000000086b00000|  0%| F|  |TAMS 0x0000000086a00000| PB 0x0000000086a00000| Untracked |  0
|  53|0x0000000086b00000, 0x0000000086b00000, 0x0000000086c00000|  0%| F|  |TAMS 0x0000000086b00000| PB 0x0000000086b00000| Untracked |  0
|  54|0x0000000086c00000, 0x0000000086c00000, 0x0000000086d00000|  0%| F|  |TAMS 0x0000000086c00000| PB 0x0000000086c00000| Untracked |  0
|  55|0x0000000086d00000, 0x0000000086d00000, 0x0000000086e00000|  0%| F|  |TAMS 0x0000000086d00000| PB 0x0000000086d00000| Untracked |  0
|  56|0x0000000086e00000, 0x0000000086e00000, 0x0000000086f00000|  0%| F|  |TAMS 0x0000000086e00000| PB 0x0000000086e00000| Untracked |  0
|  57|0x0000000086f00000, 0x0000000086f00000, 0x0000000087000000|  0%| F|  |TAMS 0x0000000086f00000| PB 0x0000000086f00000| Untracked |  0
|  58|0x0000000087000000, 0x0000000087000000, 0x0000000087100000|  0%| F|  |TAMS 0x0000000087000000| PB 0x0000000087000000| Untracked |  0
|  59|0x0000000087100000, 0x0000000087100000, 0x0000000087200000|  0%| F|  |TAMS 0x0000000087100000| PB 0x0000000087100000| Untracked |  0
|  60|0x0000000087200000, 0x0000000087200000, 0x0000000087300000|  0%| F|  |TAMS 0x0000000087200000| PB 0x0000000087200000| Untracked |  0
|  61|0x0000000087300000, 0x0000000087300000, 0x0000000087400000|  0%| F|  |TAMS 0x0000000087300000| PB 0x0000000087300000| Untracked |  0
|  62|0x0000000087400000, 0x0000000087400000, 0x0000000087500000|  0%| F|  |TAMS 0x0000000087400000| PB 0x0000000087400000| Untracked |  0
|  63|0x0000000087500000, 0x0000000087500000, 0x0000000087600000|  0%| F|  |TAMS 0x0000000087500000| PB 0x0000000087500000| Untracked |  0
|  64|0x0000000087600000, 0x0000000087600000, 0x0000000087700000|  0%| F|  |TAMS 0x0000000087600000| PB 0x0000000087600000| Untracked |  0
|  65|0x0000000087700000, 0x0000000087700000, 0x0000000087800000|  0%| F|  |TAMS 0x0000000087700000| PB 0x0000000087700000| Untracked |  0
|  66|0x0000000087800000, 0x0000000087800000, 0x0000000087900000|  0%| F|  |TAMS 0x0000000087800000| PB 0x0000000087800000| Untracked |  0
|  67|0x0000000087900000, 0x0000000087900000, 0x0000000087a00000|  0%| F|  |TAMS 0x0000000087900000| PB 0x0000000087900000| Untracked |  0
|  68|0x0000000087a00000, 0x0000000087a00000, 0x0000000087b00000|  0%| F|  |TAMS 0x0000000087a00000| PB 0x0000000087a00000| Untracked |  0
|  69|0x0000000087b00000, 0x0000000087b00000, 0x0000000087c00000|  0%| F|  |TAMS 0x0000000087b00000| PB 0x0000000087b00000| Untracked |  0
|  70|0x0000000087c00000, 0x0000000087c00000, 0x0000000087d00000|  0%| F|  |TAMS 0x0000000087c00000| PB 0x0000000087c00000| Untracked |  0
|  71|0x0000000087d00000, 0x0000000087d00000, 0x0000000087e00000|  0%| F|  |TAMS 0x0000000087d00000| PB 0x0000000087d00000| Untracked |  0
|  72|0x0000000087e00000, 0x0000000087e00000, 0x0000000087f00000|  0%| F|  |TAMS 0x0000000087e00000| PB 0x0000000087e00000| Untracked |  0
|  73|0x0000000087f00000, 0x0000000087f00000, 0x0000000088000000|  0%| F|  |TAMS 0x0000000087f00000| PB 0x0000000087f00000| Untracked |  0
|  74|0x0000000088000000, 0x0000000088000000, 0x0000000088100000|  0%| F|  |TAMS 0x0000000088000000| PB 0x0000000088000000| Untracked |  0
|  75|0x0000000088100000, 0x0000000088100000, 0x0000000088200000|  0%| F|  |TAMS 0x0000000088100000| PB 0x0000000088100000| Untracked |  0
|  76|0x0000000088200000, 0x0000000088200000, 0x0000000088300000|  0%| F|  |TAMS 0x0000000088200000| PB 0x0000000088200000| Untracked |  0
|  77|0x0000000088300000, 0x0000000088300000, 0x0000000088400000|  0%| F|  |TAMS 0x0000000088300000| PB 0x0000000088300000| Untracked |  0
|  78|0x0000000088400000, 0x0000000088400000, 0x0000000088500000|  0%| F|  |TAMS 0x0000000088400000| PB 0x0000000088400000| Untracked |  0
|  79|0x0000000088500000, 0x0000000088500000, 0x0000000088600000|  0%| F|  |TAMS 0x0000000088500000| PB 0x0000000088500000| Untracked |  0
|  80|0x0000000088600000, 0x0000000088600000, 0x0000000088700000|  0%| F|  |TAMS 0x0000000088600000| PB 0x0000000088600000| Untracked |  0
|  81|0x0000000088700000, 0x0000000088700000, 0x0000000088800000|  0%| F|  |TAMS 0x0000000088700000| PB 0x0000000088700000| Untracked |  0
|  82|0x0000000088800000, 0x0000000088800000, 0x0000000088900000|  0%| F|  |TAMS 0x0000000088800000| PB 0x0000000088800000| Untracked |  0
|  83|0x0000000088900000, 0x0000000088900000, 0x0000000088a00000|  0%| F|  |TAMS 0x0000000088900000| PB 0x0000000088900000| Untracked |  0
|  84|0x0000000088a00000, 0x0000000088a00000, 0x0000000088b00000|  0%| F|  |TAMS 0x0000000088a00000| PB 0x0000000088a00000| Untracked |  0
|  85|0x0000000088b00000, 0x0000000088b00000, 0x0000000088c00000|  0%| F|  |TAMS 0x0000000088b00000| PB 0x0000000088b00000| Untracked |  0
|  86|0x0000000088c00000, 0x0000000088c00000, 0x0000000088d00000|  0%| F|  |TAMS 0x0000000088c00000| PB 0x0000000088c00000| Untracked |  0
|  87|0x0000000088d00000, 0x0000000088d00000, 0x0000000088e00000|  0%| F|  |TAMS 0x0000000088d00000| PB 0x0000000088d00000| Untracked |  0
|  88|0x0000000088e00000, 0x0000000088e00000, 0x0000000088f00000|  0%| F|  |TAMS 0x0000000088e00000| PB 0x0000000088e00000| Untracked |  0
|  89|0x0000000088f00000, 0x0000000088f00000, 0x0000000089000000|  0%| F|  |TAMS 0x0000000088f00000| PB 0x0000000088f00000| Untracked |  0
|  90|0x0000000089000000, 0x0000000089000000, 0x0000000089100000|  0%| F|  |TAMS 0x0000000089000000| PB 0x0000000089000000| Untracked |  0
|  91|0x0000000089100000, 0x0000000089100000, 0x0000000089200000|  0%| F|  |TAMS 0x0000000089100000| PB 0x0000000089100000| Untracked |  0
|  92|0x0000000089200000, 0x0000000089200000, 0x0000000089300000|  0%| F|  |TAMS 0x0000000089200000| PB 0x0000000089200000| Untracked |  0
|  93|0x0000000089300000, 0x0000000089300000, 0x0000000089400000|  0%| F|  |TAMS 0x0000000089300000| PB 0x0000000089300000| Untracked |  0
|  94|0x0000000089400000, 0x0000000089400000, 0x0000000089500000|  0%| F|  |TAMS 0x0000000089400000| PB 0x0000000089400000| Untracked |  0
|  95|0x0000000089500000, 0x0000000089500000, 0x0000000089600000|  0%| F|  |TAMS 0x0000000089500000| PB 0x0000000089500000| Untracked |  0
|  96|0x0000000089600000, 0x0000000089600000, 0x0000000089700000|  0%| F|  |TAMS 0x0000000089600000| PB 0x0000000089600000| Untracked |  0
|  97|0x0000000089700000, 0x0000000089700000, 0x0000000089800000|  0%| F|  |TAMS 0x0000000089700000| PB 0x0000000089700000| Untracked |  0
|  98|0x0000000089800000, 0x00000000898cf9c0, 0x0000000089900000| 81%| S|CS|TAMS 0x0000000089800000| PB 0x0000000089800000| Complete |  0
|  99|0x0000000089900000, 0x0000000089900000, 0x0000000089a00000|  0%| F|  |TAMS 0x0000000089900000| PB 0x0000000089900000| Untracked |  0
| 100|0x0000000089a00000, 0x0000000089a00000, 0x0000000089b00000|  0%| F|  |TAMS 0x0000000089a00000| PB 0x0000000089a00000| Untracked |  0
| 101|0x0000000089b00000, 0x0000000089b00000, 0x0000000089c00000|  0%| F|  |TAMS 0x0000000089b00000| PB 0x0000000089b00000| Untracked |  0
| 102|0x0000000089c00000, 0x0000000089d00000, 0x0000000089d00000|100%| S|CS|TAMS 0x0000000089c00000| PB 0x0000000089c00000| Complete |  0
| 103|0x0000000089d00000, 0x0000000089d00000, 0x0000000089e00000|  0%| F|  |TAMS 0x0000000089d00000| PB 0x0000000089d00000| Untracked |  0
| 104|0x0000000089e00000, 0x0000000089e00000, 0x0000000089f00000|  0%| F|  |TAMS 0x0000000089e00000| PB 0x0000000089e00000| Untracked |  0
| 105|0x0000000089f00000, 0x0000000089f00000, 0x000000008a000000|  0%| F|  |TAMS 0x0000000089f00000| PB 0x0000000089f00000| Untracked |  0
| 106|0x000000008a000000, 0x000000008a000000, 0x000000008a100000|  0%| F|  |TAMS 0x000000008a000000| PB 0x000000008a000000| Untracked |  0
| 107|0x000000008a100000, 0x000000008a1a8fb0, 0x000000008a200000| 66%| E|  |TAMS 0x000000008a100000| PB 0x000000008a100000| Complete |  0
| 108|0x000000008a200000, 0x000000008a300000, 0x000000008a300000|100%| E|CS|TAMS 0x000000008a200000| PB 0x000000008a200000| Complete |  0
| 109|0x000000008a300000, 0x000000008a400000, 0x000000008a400000|100%| E|CS|TAMS 0x000000008a300000| PB 0x000000008a300000| Complete |  0
| 110|0x000000008a400000, 0x000000008a500000, 0x000000008a500000|100%| E|CS|TAMS 0x000000008a400000| PB 0x000000008a400000| Complete |  0
| 111|0x000000008a500000, 0x000000008a600000, 0x000000008a600000|100%| E|CS|TAMS 0x000000008a500000| PB 0x000000008a500000| Complete |  0
| 112|0x000000008a600000, 0x000000008a700000, 0x000000008a700000|100%| E|CS|TAMS 0x000000008a600000| PB 0x000000008a600000| Complete |  0
| 113|0x000000008a700000, 0x000000008a800000, 0x000000008a800000|100%| E|CS|TAMS 0x000000008a700000| PB 0x000000008a700000| Complete |  0
| 114|0x000000008a800000, 0x000000008a900000, 0x000000008a900000|100%| E|CS|TAMS 0x000000008a800000| PB 0x000000008a800000| Complete |  0
| 115|0x000000008a900000, 0x000000008aa00000, 0x000000008aa00000|100%| E|CS|TAMS 0x000000008a900000| PB 0x000000008a900000| Complete |  0
| 116|0x000000008aa00000, 0x000000008ab00000, 0x000000008ab00000|100%| E|CS|TAMS 0x000000008aa00000| PB 0x000000008aa00000| Complete |  0
| 117|0x000000008ab00000, 0x000000008ac00000, 0x000000008ac00000|100%| E|CS|TAMS 0x000000008ab00000| PB 0x000000008ab00000| Complete |  0
| 118|0x000000008ac00000, 0x000000008ad00000, 0x000000008ad00000|100%| E|CS|TAMS 0x000000008ac00000| PB 0x000000008ac00000| Complete |  0
| 119|0x000000008ad00000, 0x000000008ae00000, 0x000000008ae00000|100%| E|CS|TAMS 0x000000008ad00000| PB 0x000000008ad00000| Complete |  0
| 120|0x000000008ae00000, 0x000000008af00000, 0x000000008af00000|100%| E|CS|TAMS 0x000000008ae00000| PB 0x000000008ae00000| Complete |  0
| 121|0x000000008af00000, 0x000000008b000000, 0x000000008b000000|100%| E|CS|TAMS 0x000000008af00000| PB 0x000000008af00000| Complete |  0
| 122|0x000000008b000000, 0x000000008b100000, 0x000000008b100000|100%| E|CS|TAMS 0x000000008b000000| PB 0x000000008b000000| Complete |  0
| 123|0x000000008b100000, 0x000000008b200000, 0x000000008b200000|100%| E|CS|TAMS 0x000000008b100000| PB 0x000000008b100000| Complete |  0
| 124|0x000000008b200000, 0x000000008b300000, 0x000000008b300000|100%| E|CS|TAMS 0x000000008b200000| PB 0x000000008b200000| Complete |  0
| 125|0x000000008b300000, 0x000000008b400000, 0x000000008b400000|100%| E|CS|TAMS 0x000000008b300000| PB 0x000000008b300000| Complete |  0

Card table byte_map: [0x00000158bf930000,0x00000158bfd20000] _byte_map_base: 0x00000158bf515000

Marking Bits: (CMBitMap*) 0x00000158a7b0e540
 Bits: [0x00000158bfd20000, 0x00000158c1c48000)

Polling page: 0x00000158a58c0000

Metaspace:

Usage:
  Non-class:     11.07 MB used.
      Class:      1.07 MB used.
       Both:     12.14 MB used.

Virtual space:
  Non-class space:       64.00 MB reserved,      11.19 MB ( 17%) committed,  1 nodes.
      Class space:        1.00 GB reserved,       1.19 MB ( <1%) committed,  1 nodes.
             Both:        1.06 GB reserved,      12.38 MB (  1%) committed. 

Chunk freelists:
   Non-Class:  4.73 MB
       Class:  14.82 MB
        Both:  19.55 MB

MaxMetaspaceSize: unlimited
CompressedClassSpaceSize: 1.00 GB
Initial GC threshold: 21.00 MB
Current GC threshold: 21.00 MB
CDS: on
 - commit_granule_bytes: 65536.
 - commit_granule_words: 8192.
 - virtual_space_node_default_size: 8388608.
 - enlarge_chunks_in_place: 1.
 - use_allocation_guard: 0.


Internal statistics:

num_allocs_failed_limit: 0.
num_arena_births: 150.
num_arena_deaths: 0.
num_vsnodes_births: 2.
num_vsnodes_deaths: 0.
num_space_committed: 197.
num_space_uncommitted: 0.
num_chunks_returned_to_freelist: 0.
num_chunks_taken_from_freelist: 461.
num_chunk_merges: 0.
num_chunk_splits: 317.
num_chunks_enlarged: 236.
num_inconsistent_stats: 0.

CodeHeap 'non-profiled nmethods': size=120064Kb used=1773Kb max_used=1773Kb free=118290Kb
 bounds [0x00000158b7cc0000, 0x00000158b7f30000, 0x00000158bf200000]
CodeHeap 'profiled nmethods': size=120000Kb used=4781Kb max_used=4781Kb free=115218Kb
 bounds [0x00000158b0200000, 0x00000158b06b0000, 0x00000158b7730000]
CodeHeap 'non-nmethods': size=5696Kb used=1776Kb max_used=1813Kb free=3919Kb
 bounds [0x00000158b7730000, 0x00000158b79a0000, 0x00000158b7cc0000]
CodeCache: size=245760Kb, used=8330Kb, max_used=8367Kb, free=237427Kb
 total_blobs=4343, nmethods=3656, adapters=592, full_count=0
Compilation: enabled, stopped_count=0, restarted_count=0

Compilation events (20 events):
Event: 144.753 Thread 0x00000158c46997d0 3647   !   4       com.jme3.system.lwjgl.LwjglAbstractDisplay::runLoop (141 bytes)
Event: 144.809 Thread 0x00000158c46997d0 nmethod 3647 0x00000158b7e77688 code [0x00000158b7e779a0, 0x00000158b7e78e10]
Event: 145.991 Thread 0x00000158c46a1c10 3648       3       jdk.internal.math.MathUtils::flog10pow2 (11 bytes)
Event: 145.991 Thread 0x00000158c46a1c10 nmethod 3648 0x00000158b06a9e88 code [0x00000158b06a9fa0, 0x00000158b06aa0b0]
Event: 147.039 Thread 0x00000158c46a1c10 3649       3       jdk.internal.math.FormattedFPDecimal::fillWithDigits (42 bytes)
Event: 147.040 Thread 0x00000158c46a1c10 nmethod 3649 0x00000158b06aa188 code [0x00000158b06aa2c0, 0x00000158b06aa5f8]
Event: 150.087 Thread 0x00000158c46a1c10 3650       3       java.util.Locale::getDefault (63 bytes)
Event: 150.088 Thread 0x00000158c46a1c10 nmethod 3650 0x00000158b06aa688 code [0x00000158b06aa820, 0x00000158b06ab0f0]
Event: 151.087 Thread 0x00000158c46997d0 3651       4       com.jme3.app.StatsAppState::update (96 bytes)
Event: 151.094 Thread 0x00000158c46997d0 nmethod 3651 0x00000158b7e79108 code [0x00000158b7e79280, 0x00000158b7e79720]
Event: 151.094 Thread 0x00000158c46997d0 3652       4       com.jme3.app.ResetStatsState::render (18 bytes)
Event: 151.104 Thread 0x00000158c46997d0 nmethod 3652 0x00000158b7e79788 code [0x00000158b7e798e0, 0x00000158b7e7a1d8]
Event: 151.104 Thread 0x00000158c46997d0 3653       4       com.jme3.renderer.Statistics::clearFrame (62 bytes)
Event: 151.113 Thread 0x00000158c46997d0 nmethod 3653 0x00000158b7e7a288 code [0x00000158b7e7a3c0, 0x00000158b7e7ac10]
Event: 151.113 Thread 0x00000158c46997d0 3654       4       com.jme3.audio.AudioListenerState::render (150 bytes)
Event: 151.117 Thread 0x00000158c46997d0 nmethod 3654 0x00000158b7e7ac88 code [0x00000158b7e7ae00, 0x00000158b7e7b6b0]
Event: 158.644 Thread 0x00000158c46a1c10 3655       3       java.lang.Boolean::valueOf (14 bytes)
Event: 158.645 Thread 0x00000158c46a1c10 nmethod 3655 0x00000158b06ab188 code [0x00000158b06ab2a0, 0x00000158b06ab408]
Event: 158.647 Thread 0x00000158c46a1c10 3656       3       java.util.concurrent.ConcurrentHashMap::containsKey (14 bytes)
Event: 158.647 Thread 0x00000158c46a1c10 nmethod 3656 0x00000158b06ab488 code [0x00000158b06ab5c0, 0x00000158b06ab768]

GC Heap History (4 events):
Event: 1.589 GC heap before
{Heap before GC invocations=0 (full 0):
 garbage-first heap   total reserved 2041856K, committed 129024K, used 23552K [0x0000000083600000, 0x0000000100000000)
  region size 1024K, 24 young (24576K), 0 survivors (0K)
 Metaspace       used 9382K, committed 9536K, reserved 1114112K
  class space    used 803K, committed 896K, reserved 1048576K
}
Event: 1.596 GC heap after
{Heap after GC invocations=1 (full 0):
 garbage-first heap   total reserved 2041856K, committed 129024K, used 4448K [0x0000000083600000, 0x0000000100000000)
  region size 1024K, 3 young (3072K), 3 survivors (3072K)
 Metaspace       used 9382K, committed 9536K, reserved 1114112K
  class space    used 803K, committed 896K, reserved 1048576K
}
Event: 22.089 GC heap before
{Heap before GC invocations=1 (full 0):
 garbage-first heap   total reserved 2041856K, committed 129024K, used 28000K [0x0000000083600000, 0x0000000100000000)
  region size 1024K, 26 young (26624K), 3 survivors (3072K)
 Metaspace       used 12354K, committed 12544K, reserved 1114112K
  class space    used 1094K, committed 1152K, reserved 1048576K
}
Event: 22.095 GC heap after
{Heap after GC invocations=2 (full 0):
 garbage-first heap   total reserved 2041856K, committed 129024K, used 6191K [0x0000000083600000, 0x0000000100000000)
  region size 1024K, 2 young (2048K), 2 survivors (2048K)
 Metaspace       used 12354K, committed 12544K, reserved 1114112K
  class space    used 1094K, committed 1152K, reserved 1048576K
}

Dll operation events (10 events):
Event: 0.011 Loaded shared library C:\Program Files\Java\jdk-23\bin\java.dll
Event: 0.047 Loaded shared library C:\Program Files\Java\jdk-23\bin\jsvml.dll
Event: 0.085 Loaded shared library C:\Program Files\Java\jdk-23\bin\net.dll
Event: 0.088 Loaded shared library C:\Program Files\Java\jdk-23\bin\nio.dll
Event: 0.095 Loaded shared library C:\Program Files\Java\jdk-23\bin\zip.dll
Event: 0.140 Loaded shared library C:\Program Files\Java\jdk-23\bin\jimage.dll
Event: 0.326 Loaded shared library C:\Users\mlamn\AppData\Local\Temp\jme3\natives_ec3de065\OpenAL64.dll
Event: 0.341 Loaded shared library C:\Users\mlamn\AppData\Local\Temp\jme3\natives_ec3de065\lwjgl64.dll
Event: 1.029 Loaded shared library C:\Program Files\Java\jdk-23\bin\awt.dll
Event: 1.492 Loaded shared library C:\Program Files\Java\jdk-23\bin\verify.dll

Deoptimization events (20 events):
Event: 48.489 Thread 0x000001590a07b230 Uncommon trap: trap_request=0xffffff6e fr.pc=0x00000158b7e38684 relative=0x0000000000004064
Event: 48.489 Thread 0x000001590a07b230 Uncommon trap: reason=loop_limit_check action=maybe_recompile pc=0x00000158b7e38684 method=com.jme3.renderer.RenderManager.renderViewPort(Lcom/jme3/renderer/ViewPort;F)V @ 301 c2
Event: 48.489 Thread 0x000001590a07b230 DEOPT PACKING pc=0x00000158b7e38684 sp=0x0000001c48bff1a0
Event: 48.489 Thread 0x000001590a07b230 DEOPT UNPACKING pc=0x00000158b7787982 sp=0x0000001c48bff1a8 mode 2
Event: 96.530 Thread 0x000001590a07b230 Uncommon trap: trap_request=0xffffff45 fr.pc=0x00000158b7e5e35c relative=0x00000000000003dc
Event: 96.530 Thread 0x000001590a07b230 Uncommon trap: reason=unstable_if action=reinterpret pc=0x00000158b7e5e35c method=org.lwjgl.opengl.WindowsDisplay.update()V @ 7 c2
Event: 96.530 Thread 0x000001590a07b230 DEOPT PACKING pc=0x00000158b7e5e35c sp=0x0000001c48bff370
Event: 96.530 Thread 0x000001590a07b230 DEOPT UNPACKING pc=0x00000158b7787982 sp=0x0000001c48bff2a8 mode 2
Event: 96.535 Thread 0x00000158c4a8fb20 Uncommon trap: trap_request=0xffffff45 fr.pc=0x00000158b7dede24 relative=0x0000000000000104
Event: 96.535 Thread 0x00000158c4a8fb20 Uncommon trap: reason=unstable_if action=reinterpret pc=0x00000158b7dede24 method=java.util.concurrent.TimeUnit.toNanos(J)J @ 22 c2
Event: 96.535 Thread 0x00000158c4a8fb20 DEOPT PACKING pc=0x00000158b7dede24 sp=0x0000001c476ff750
Event: 96.535 Thread 0x00000158c4a8fb20 DEOPT UNPACKING pc=0x00000158b7787982 sp=0x0000001c476ff650 mode 2
Event: 99.832 Thread 0x000001590a07b230 DEOPT PACKING pc=0x00000158b06a6495 sp=0x0000001c48bff280
Event: 99.832 Thread 0x000001590a07b230 DEOPT UNPACKING pc=0x00000158b77884c2 sp=0x0000001c48bfe800 mode 0
Event: 148.649 Thread 0x00000159104feae0 DEOPT PACKING pc=0x00000158b069df5d sp=0x0000001c495ff430
Event: 148.649 Thread 0x00000159104feae0 DEOPT UNPACKING pc=0x00000158b77884c2 sp=0x0000001c495fe920 mode 0
Event: 158.638 Thread 0x00000158c4692c00 Uncommon trap: trap_request=0xffffffc6 fr.pc=0x00000158b7d7f944 relative=0x00000000000006c4
Event: 158.639 Thread 0x00000158c4692c00 Uncommon trap: reason=bimorphic_or_optimized_type_check action=maybe_recompile pc=0x00000158b7d7f944 method=java.util.Hashtable.get(Ljava/lang/Object;)Ljava/lang/Object; @ 6 c2
Event: 158.639 Thread 0x00000158c4692c00 DEOPT PACKING pc=0x00000158b7d7f944 sp=0x0000001c483ff220
Event: 158.639 Thread 0x00000158c4692c00 DEOPT UNPACKING pc=0x00000158b7787982 sp=0x0000001c483ff1d0 mode 2

Classes loaded (20 events):
Event: 1.981 Loading class jdk/internal/classfile/impl/TemporaryConstantPool
Event: 1.981 Loading class jdk/internal/classfile/impl/TemporaryConstantPool done
Event: 1.982 Loading class java/lang/reflect/Proxy$ProxyBuilder$1
Event: 1.982 Loading class java/lang/reflect/Proxy$ProxyBuilder$1 done
Event: 1.984 Loading class java/lang/reflect/UndeclaredThrowableException
Event: 1.985 Loading class java/lang/reflect/UndeclaredThrowableException done
Event: 1.991 Loading class jdk/internal/vm/annotation/IntrinsicCandidate
Event: 1.991 Loading class jdk/internal/vm/annotation/IntrinsicCandidate done
Event: 1.991 Loading class java/lang/annotation/Target
Event: 1.991 Loading class java/lang/annotation/Target done
Event: 1.995 Loading class java/lang/Deprecated
Event: 1.995 Loading class java/lang/Deprecated done
Event: 2.441 Loading class jdk/internal/math/FormattedFPDecimal
Event: 2.441 Loading class jdk/internal/math/FormattedFPDecimal done
Event: 22.095 Loading class java/util/WeakHashMap$KeyIterator
Event: 22.096 Loading class java/util/WeakHashMap$HashIterator
Event: 22.096 Loading class java/util/WeakHashMap$HashIterator done
Event: 22.096 Loading class java/util/WeakHashMap$KeyIterator done
Event: 158.639 Loading class jdk/internal/misc/Signal$1
Event: 158.639 Loading class jdk/internal/misc/Signal$1 done

Classes unloaded (0 events):
No events

Classes redefined (0 events):
No events

Internal exceptions (17 events):
Event: 0.184 Thread 0x00000158a5620ac0 Exception <a 'java/lang/NoSuchMethodError'{0x000000008af71818}: 'void java.lang.invoke.DirectMethodHandle$Holder.invokeSpecial(java.lang.Object, java.lang.Object, java.lang.Object)'> (0x000000008af71818) 
thrown [s\open\src\hotspot\share\interpreter\linkResolver.cpp, line 796]
Event: 0.206 Thread 0x00000158a5620ac0 Exception <a 'java/lang/NoSuchMethodError'{0x000000008ae04808}: 'java.lang.Object java.lang.invoke.DirectMethodHandle$Holder.invokeStatic(java.lang.Object, int, java.lang.Object)'> (0x000000008ae04808) 
thrown [s\open\src\hotspot\share\interpreter\linkResolver.cpp, line 796]
Event: 0.222 Thread 0x00000158a5620ac0 Exception <a 'java/lang/ClassNotFoundException'{0x000000008ae6aa68}: sun/util/logging/resources/spi/loggingProvider> (0x000000008ae6aa68) 
thrown [s\open\src\hotspot\share\classfile\systemDictionary.cpp, line 313]
Event: 0.241 Thread 0x00000158a5620ac0 Exception <a 'java/lang/NoSuchMethodError'{0x000000008aefd100}: 'void java.lang.invoke.DirectMethodHandle$Holder.invokeStatic(java.lang.Object, java.lang.Object)'> (0x000000008aefd100) 
thrown [s\open\src\hotspot\share\interpreter\linkResolver.cpp, line 796]
Event: 0.241 Thread 0x00000158a5620ac0 Exception <a 'java/lang/NoSuchMethodError'{0x000000008ad00878}: 'void java.lang.invoke.DirectMethodHandle$Holder.invokeStaticInit(java.lang.Object, java.lang.Object)'> (0x000000008ad00878) 
thrown [s\open\src\hotspot\share\interpreter\linkResolver.cpp, line 796]
Event: 0.244 Thread 0x00000158a5620ac0 Exception <a 'java/lang/NoSuchMethodError'{0x000000008ad0f538}: 'void java.lang.System.load(java.lang.String, java.lang.Class)'> (0x000000008ad0f538) 
thrown [s\open\src\hotspot\share\interpreter\linkResolver.cpp, line 796]
Event: 0.245 Thread 0x00000158a5620ac0 Exception <a 'java/lang/NoSuchMethodError'{0x000000008ad1a2e8}: 'java.lang.Object java.lang.invoke.DirectMethodHandle$Holder.invokeStatic(java.lang.Object, java.lang.Object, int)'> (0x000000008ad1a2e8) 
thrown [s\open\src\hotspot\share\interpreter\linkResolver.cpp, line 796]
Event: 0.246 Thread 0x00000158a5620ac0 Exception <a 'java/lang/NoSuchMethodError'{0x000000008ad25ae8}: 'void java.lang.invoke.DelegatingMethodHandle$Holder.delegate(java.lang.Object, java.lang.Object, int, java.lang.Object)'> (0x000000008ad25ae8) 
thrown [s\open\src\hotspot\share\interpreter\linkResolver.cpp, line 796]
Event: 0.247 Thread 0x00000158a5620ac0 Exception <a 'java/lang/NoSuchMethodError'{0x000000008ad29a00}: 'int java.lang.invoke.DirectMethodHandle$Holder.invokeSpecial(java.lang.Object, java.lang.Object, java.lang.Object)'> (0x000000008ad29a00) 
thrown [s\open\src\hotspot\share\interpreter\linkResolver.cpp, line 796]
Event: 0.453 Thread 0x000001590a07b230 Exception <a 'java/lang/NoSuchMethodError'{0x000000008aaac138}: 'int java.lang.invoke.Invokers$Holder.invokeExact_MT(java.lang.Object, java.lang.Object)'> (0x000000008aaac138) 
thrown [s\open\src\hotspot\share\interpreter\linkResolver.cpp, line 796]
Event: 0.884 Thread 0x000001590a07b230 Exception <a 'java/lang/NoSuchMethodError'{0x000000008a892b60}: 'java.lang.Object java.lang.invoke.DirectMethodHandle$Holder.invokeInterface(java.lang.Object, java.lang.Object)'> (0x000000008a892b60) 
thrown [s\open\src\hotspot\share\interpreter\linkResolver.cpp, line 796]
Event: 0.884 Thread 0x000001590a07b230 Exception <a 'java/lang/IncompatibleClassChangeError'{0x000000008a896140}: Found class java.lang.Object, but interface was expected> (0x000000008a896140) 
thrown [s\open\src\hotspot\share\interpreter\linkResolver.cpp, line 863]
Event: 1.324 Thread 0x000001590a07b230 Exception <a 'java/lang/ClassNotFoundException'{0x000000008a257858}: sun/awt/resources/spi/awtProvider> (0x000000008a257858) 
thrown [s\open\src\hotspot\share\classfile\systemDictionary.cpp, line 313]
Event: 1.329 Thread 0x000001590a07b230 Exception <a 'java/io/FileNotFoundException'{0x000000008a25d840}> (0x000000008a25d840) 
thrown [s\open\src\hotspot\share\prims\jni.cpp, line 520]
Event: 1.334 Thread 0x000001590a07b230 Exception <a 'java/io/FileNotFoundException'{0x000000008a288568}> (0x000000008a288568) 
thrown [s\open\src\hotspot\share\prims\jni.cpp, line 520]
Event: 1.970 Thread 0x000001590a07b230 Exception <a 'java/lang/NoSuchMethodError'{0x000000008a71e310}: 'void java.lang.invoke.DirectMethodHandle$Holder.invokeStatic(java.lang.Object, int, java.lang.Object)'> (0x000000008a71e310) 
thrown [s\open\src\hotspot\share\interpreter\linkResolver.cpp, line 796]
Event: 2.595 Thread 0x000001590a07b230 Exception <a 'java/lang/NoSuchMethodError'{0x000000008a4e1fe0}: 'void java.lang.invoke.DirectMethodHandle$Holder.invokeVirtual(java.lang.Object, java.lang.Object)'> (0x000000008a4e1fe0) 
thrown [s\open\src\hotspot\share\interpreter\linkResolver.cpp, line 796]

VM Operations (20 events):
Event: 1.432 Executing VM operation: HandshakeAllThreads (Deoptimize) done
Event: 1.589 Executing VM operation: G1CollectForAllocation (G1 Evacuation Pause)
Event: 1.596 Executing VM operation: G1CollectForAllocation (G1 Evacuation Pause) done
Event: 1.752 Executing VM operation: HandshakeAllThreads (Deoptimize)
Event: 1.752 Executing VM operation: HandshakeAllThreads (Deoptimize) done
Event: 1.877 Executing VM operation: HandshakeAllThreads (Deoptimize)
Event: 1.877 Executing VM operation: HandshakeAllThreads (Deoptimize) done
Event: 2.023 Executing VM operation: HandshakeAllThreads (Deoptimize)
Event: 2.023 Executing VM operation: HandshakeAllThreads (Deoptimize) done
Event: 22.089 Executing VM operation: G1CollectForAllocation (G1 Evacuation Pause)
Event: 22.095 Executing VM operation: G1CollectForAllocation (G1 Evacuation Pause) done
Event: 60.217 Executing VM operation: HandshakeAllThreads (HandshakeForDeflation)
Event: 60.217 Executing VM operation: HandshakeAllThreads (HandshakeForDeflation) done
Event: 60.217 Executing VM operation: RendezvousGCThreads
Event: 60.217 Executing VM operation: RendezvousGCThreads done
Event: 120.318 Executing VM operation: HandshakeAllThreads (HandshakeForDeflation)
Event: 120.318 Executing VM operation: HandshakeAllThreads (HandshakeForDeflation) done
Event: 120.318 Executing VM operation: RendezvousGCThreads
Event: 120.318 Executing VM operation: RendezvousGCThreads done
Event: 158.673 Executing VM operation: Exit

Memory protections (0 events):
No events

Nmethod flushes (0 events):
No events

Events (20 events):
Event: 0.266 Thread 0x00000158a5620ac0 Thread added: 0x00000158a5620ac0
Event: 0.289 Thread 0x00000158c46a1c10 Thread added: 0x000001590a081190
Event: 0.452 Thread 0x000001590a081190 Thread exited: 0x000001590a081190
Event: 1.254 Thread 0x000001590a07b230 Thread added: 0x00000159104feae0
Event: 1.355 Thread 0x000001590a07b230 Thread added: 0x00000159107800e0
Event: 1.384 Thread 0x00000158c46a1c10 Thread added: 0x00000159104bf410
Event: 1.531 Thread 0x00000159104bf410 Thread exited: 0x00000159104bf410
Event: 1.641 Thread 0x00000158c46a1c10 Thread added: 0x0000015910451fb0
Event: 1.751 Thread 0x00000158c46a1c10 Thread added: 0x0000015910452680
Event: 2.257 Thread 0x0000015910452680 Thread exited: 0x0000015910452680
Event: 2.873 Thread 0x0000015910451fb0 Thread exited: 0x0000015910451fb0
Event: 6.023 Thread 0x00000158c46a1c10 Thread added: 0x000001590a2e3e40
Event: 6.272 Thread 0x000001590a2e3e40 Thread exited: 0x000001590a2e3e40
Event: 96.534 Thread 0x000001590a07b230 Thread added: 0x00000158c4a8fb20
Event: 158.640 Thread 0x00000158c4692c00 Thread added: 0x000001590a17cba0
Event: 158.645 Thread 0x000001590a17cba0 Thread added: 0x00000158c4707af0
Event: 158.645 Thread 0x000001590a17cba0 Thread added: 0x00000158c4708180
Event: 158.648 Thread 0x00000158c4707af0 Thread exited: 0x00000158c4707af0
Event: 158.673 Thread 0x00000158c4708180 Thread exited: 0x00000158c4708180
Event: 158.673 Thread 0x000001590a17cba0 Before exit entered


Dynamic libraries:
0x00007ff60fbe0000 - 0x00007ff60fbf0000 	C:\Program Files\Java\jdk-23\bin\java.exe
0x00007ffe109c0000 - 0x00007ffe10c20000 	C:\WINDOWS\SYSTEM32\ntdll.dll
0x00007ffe0fbf0000 - 0x00007ffe0fcb7000 	C:\WINDOWS\System32\KERNEL32.DLL
0x00007ffe0df00000 - 0x00007ffe0e2ca000 	C:\WINDOWS\System32\KERNELBASE.dll
0x00007ffe0e670000 - 0x00007ffe0e7bb000 	C:\WINDOWS\System32\ucrtbase.dll
0x00007ffda03c0000 - 0x00007ffda03db000 	C:\Program Files\Java\jdk-23\bin\VCRUNTIME140.dll
0x00007ffddcbd0000 - 0x00007ffddcbe7000 	C:\Program Files\Java\jdk-23\bin\jli.dll
0x00007ffe0f5f0000 - 0x00007ffe0f7bc000 	C:\WINDOWS\System32\USER32.dll
0x00007ffe0de40000 - 0x00007ffe0de67000 	C:\WINDOWS\System32\win32u.dll
0x00007ffdf1750000 - 0x00007ffdf19e7000 	C:\WINDOWS\WinSxS\amd64_microsoft.windows.common-controls_6595b64144ccf1df_6.0.26100.3624_none_3e086962e3345f24\COMCTL32.dll
0x00007ffe100e0000 - 0x00007ffe1010a000 	C:\WINDOWS\System32\GDI32.dll
0x00007ffe0fd90000 - 0x00007ffe0fe39000 	C:\WINDOWS\System32\msvcrt.dll
0x00007ffe0dd00000 - 0x00007ffe0de31000 	C:\WINDOWS\System32\gdi32full.dll
0x00007ffe0e440000 - 0x00007ffe0e4e3000 	C:\WINDOWS\System32\msvcp_win.dll
0x00007ffe0ea00000 - 0x00007ffe0ea2f000 	C:\WINDOWS\System32\IMM32.DLL
0x00007ffddcb40000 - 0x00007ffddcb4c000 	C:\Program Files\Java\jdk-23\bin\vcruntime140_1.dll
0x00007ffd48640000 - 0x00007ffd486ce000 	C:\Program Files\Java\jdk-23\bin\msvcp140.dll
0x00007ffd43a50000 - 0x00007ffd447a0000 	C:\Program Files\Java\jdk-23\bin\server\jvm.dll
0x00007ffe0fe60000 - 0x00007ffe0ff12000 	C:\WINDOWS\System32\ADVAPI32.dll
0x00007ffe0ff50000 - 0x00007ffe0fff6000 	C:\WINDOWS\System32\sechost.dll
0x00007ffe0f850000 - 0x00007ffe0f966000 	C:\WINDOWS\System32\RPCRT4.dll
0x00007ffe0e980000 - 0x00007ffe0e9f4000 	C:\WINDOWS\System32\WS2_32.dll
0x00007ffe02c70000 - 0x00007ffe02c7b000 	C:\WINDOWS\SYSTEM32\VERSION.dll
0x00007ffdf6650000 - 0x00007ffdf6686000 	C:\WINDOWS\SYSTEM32\WINMM.dll
0x00007ffe0da10000 - 0x00007ffe0da6e000 	C:\WINDOWS\SYSTEM32\POWRPROF.dll
0x00007ffe0d9f0000 - 0x00007ffe0da04000 	C:\WINDOWS\SYSTEM32\UMPDC.dll
0x00007ffe0c9b0000 - 0x00007ffe0c9ca000 	C:\WINDOWS\SYSTEM32\kernel.appcore.dll
0x00007ffdc9fd0000 - 0x00007ffdc9fda000 	C:\Program Files\Java\jdk-23\bin\jimage.dll
0x00007ffe081a0000 - 0x00007ffe083e1000 	C:\WINDOWS\SYSTEM32\DBGHELP.DLL
0x00007ffe0f170000 - 0x00007ffe0f4f2000 	C:\WINDOWS\System32\combase.dll
0x00007ffe0fb10000 - 0x00007ffe0fbe6000 	C:\WINDOWS\System32\OLEAUT32.dll
0x00007ffda73b0000 - 0x00007ffda73e9000 	C:\WINDOWS\SYSTEM32\dbgcore.DLL
0x00007ffe0dc60000 - 0x00007ffe0dcf9000 	C:\WINDOWS\System32\bcryptPrimitives.dll
0x00007ffd94c40000 - 0x00007ffd94c5e000 	C:\Program Files\Java\jdk-23\bin\java.dll
0x00007ffe0f970000 - 0x00007ffe0fb06000 	C:\WINDOWS\System32\ole32.dll
0x00007ffe0ea40000 - 0x00007ffe0f169000 	C:\WINDOWS\System32\SHELL32.dll
0x00007ffe0e2d0000 - 0x00007ffe0e438000 	C:\WINDOWS\System32\wintypes.dll
0x00007ffe0b880000 - 0x00007ffe0c0d2000 	C:\WINDOWS\SYSTEM32\windows.storage.dll
0x00007ffe0f500000 - 0x00007ffe0f5ed000 	C:\WINDOWS\System32\SHCORE.dll
0x00007ffe0e7c0000 - 0x00007ffe0e824000 	C:\WINDOWS\System32\shlwapi.dll
0x00007ffe0dab0000 - 0x00007ffe0dadf000 	C:\WINDOWS\SYSTEM32\profapi.dll
0x00007ffd486d0000 - 0x00007ffd487a7000 	C:\Program Files\Java\jdk-23\bin\jsvml.dll
0x00007ffdc8620000 - 0x00007ffdc8630000 	C:\Program Files\Java\jdk-23\bin\net.dll
0x00007ffe0ced0000 - 0x00007ffe0cf3a000 	C:\WINDOWS\system32\mswsock.dll
0x00007ffd86590000 - 0x00007ffd865a6000 	C:\Program Files\Java\jdk-23\bin\nio.dll
0x00007ffd86500000 - 0x00007ffd86517000 	C:\Program Files\Java\jdk-23\bin\zip.dll
0x0000000180000000 - 0x0000000180064000 	C:\Users\mlamn\AppData\Local\Temp\jme3\natives_ec3de065\OpenAL64.dll
0x00000158c4c60000 - 0x00000158c4cb3000 	C:\Users\mlamn\AppData\Local\Temp\jme3\natives_ec3de065\lwjgl64.dll
0x00007ffde53d0000 - 0x00007ffde54dc000 	C:\WINDOWS\SYSTEM32\OPENGL32.dll
0x00007ffde52b0000 - 0x00007ffde52dd000 	C:\WINDOWS\SYSTEM32\GLU32.dll
0x00007ffe07d20000 - 0x00007ffe07d67000 	C:\WINDOWS\SYSTEM32\dxcore.dll
0x00007ffe044f0000 - 0x00007ffe045b8000 	C:\WINDOWS\SYSTEM32\mscms.dll
0x00007ffe0fcc0000 - 0x00007ffe0fd68000 	C:\WINDOWS\System32\clbcatq.dll
0x00007ffdfc7b0000 - 0x00007ffdfc81b000 	C:\Windows\System32\Windows.Internal.Graphics.Display.DisplayColorManagement.dll
0x00007ffe0d6e0000 - 0x00007ffe0d73f000 	C:\WINDOWS\SYSTEM32\cfgmgr32.dll
0x00007ffe07a00000 - 0x00007ffe07aae000 	C:\WINDOWS\system32\uxtheme.dll
0x00007ffe10800000 - 0x00007ffe1095d000 	C:\WINDOWS\System32\MSCTF.dll
0x00007ffe07b50000 - 0x00007ffe07bae000 	C:\WINDOWS\SYSTEM32\directxdatabasehelper.dll
0x00007ffdf7030000 - 0x00007ffdf704a000 	C:\WINDOWS\SYSTEM32\windows.staterepositorycore.dll
0x00007ffd5b110000 - 0x00007ffd5c057000 	C:\WINDOWS\System32\DriverStore\FileRepository\iigd_dch.inf_amd64_a2d86d775f73d911\ig11icd64.dll
0x00007ffe07d90000 - 0x00007ffe07dc6000 	C:\WINDOWS\system32\dwmapi.dll
0x00007ffe07be0000 - 0x00007ffe07d0e000 	C:\WINDOWS\system32\dxgi.dll
0x00007ffdf1600000 - 0x00007ffdf1749000 	C:\WINDOWS\SYSTEM32\textinputframework.dll
0x00007ffe07550000 - 0x00007ffe07676000 	C:\WINDOWS\SYSTEM32\CoreMessaging.dll
0x00007ffe01c00000 - 0x00007ffe01ee3000 	C:\WINDOWS\SYSTEM32\CoreUIComponents.dll
0x00007ffe0d190000 - 0x00007ffe0d19c000 	C:\WINDOWS\SYSTEM32\CRYPTBASE.DLL
0x00007ffdb4dd0000 - 0x00007ffdb4e19000 	C:\WINDOWS\SYSTEM32\icm32.dll
0x00007ffdfdd50000 - 0x00007ffe00199000 	C:\WINDOWS\System32\DriverStore\FileRepository\iigd_dch.inf_amd64_a2d86d775f73d911\igc64.dll
0x00007ffe00320000 - 0x00007ffe004c4000 	C:\WINDOWS\System32\DriverStore\FileRepository\iigd_dch.inf_amd64_a2d86d775f73d911\igdgmm64.dll
0x00007ffd48800000 - 0x00007ffd4898e000 	C:\Program Files\Java\jdk-23\bin\awt.dll
0x00007ffe07840000 - 0x00007ffe078dc000 	C:\WINDOWS\SYSTEM32\apphelp.dll
0x00007ffe02cb0000 - 0x00007ffe02d4a000 	C:\WINDOWS\System32\MMDevApi.dll
0x00007ffe0d6b0000 - 0x00007ffe0d6dd000 	C:\WINDOWS\System32\DEVOBJ.dll
0x00007ffdb0e60000 - 0x00007ffdb0ef4000 	C:\WINDOWS\SYSTEM32\dsound.dll
0x00007ffdedf70000 - 0x00007ffdedfa1000 	C:\WINDOWS\SYSTEM32\winmmbase.dll
0x00007ffda7400000 - 0x00007ffda74b1000 	C:\WINDOWS\SYSTEM32\ResampleDmo.DLL
0x00007ffdf53c0000 - 0x00007ffdf53ce000 	C:\WINDOWS\SYSTEM32\msdmo.dll
0x00007ffdf9220000 - 0x00007ffdf93dd000 	C:\WINDOWS\SYSTEM32\AUDIOSES.DLL
0x00007ffe08430000 - 0x00007ffe08444000 	C:\WINDOWS\SYSTEM32\resourcepolicyclient.dll
0x00007ffdc8010000 - 0x00007ffdc8020000 	C:\Program Files\Java\jdk-23\bin\verify.dll

dbghelp: loaded successfully - version: 4.0.5 - missing functions: none
symbol engine: initialized successfully - sym options: 0x614 - pdb path: .;C:\Program Files\Java\jdk-23\bin;C:\WINDOWS\SYSTEM32;C:\WINDOWS\WinSxS\amd64_microsoft.windows.common-controls_6595b64144ccf1df_6.0.26100.3624_none_3e086962e3345f24;C:\Program Files\Java\jdk-23\bin\server;C:\Users\mlamn\AppData\Local\Temp\jme3\natives_ec3de065;C:\WINDOWS\System32\DriverStore\FileRepository\iigd_dch.inf_amd64_a2d86d775f73d911

VM Arguments:
jvm_args: -XX:+ShowCodeDetailsInExceptionMessages 
java_command: voxel.view.MenuPrincipalApp
java_class_path (initial): C:\Users\mlamn\OneDrive\Bureau\javaPo\pl\target\classes;C:\Users\mlamn\.m2\repository\org\jmonkeyengine\jme3-core\3.7.0-stable\jme3-core-3.7.0-stable.jar;C:\Users\mlamn\.m2\repository\org\jmonkeyengine\jme3-lwjgl\3.7.0-stable\jme3-lwjgl-3.7.0-stable.jar;C:\Users\mlamn\.m2\repository\org\jmonkeyengine\lwjgl\2.9.5\lwjgl-2.9.5.jar;C:\Users\mlamn\.m2\repository\org\jmonkeyengine\lwjgl-platform\2.9.5\lwjgl-platform-2.9.5-natives-windows.jar;C:\Users\mlamn\.m2\repository\org\jmonkeyengine\lwjgl-platform\2.9.5\lwjgl-platform-2.9.5-natives-linux.jar;C:\Users\mlamn\.m2\repository\org\jmonkeyengine\lwjgl-platform\2.9.5\lwjgl-platform-2.9.5-natives-osx.jar;C:\Users\mlamn\.m2\repository\net\java\jinput\jinput\2.0.9\jinput-2.0.9.jar;C:\Users\mlamn\.m2\repository\net\java\jinput\jinput\2.0.9\jinput-2.0.9-natives-all.jar;C:\Users\mlamn\.m2\repository\org\jmonkeyengine\jme3-plugins\3.7.0-stable\jme3-plugins-3.7.0-stable.jar;C:\Users\mlamn\.m2\repository\org\jmonkeyengine\jme3-plugins-json\3.7.0-stable\jme3-plugins-json-3.7.0-stable.jar;C:\Users\mlamn\.m2\repository\org\jmonkeyengine\jme3-plugins-json-gson\3.7.0-stable\jme3-plugins-json-gson-3.7.0-stable.jar;C:\Users\mlamn\.m2\repository\com\google\code\gson\gson\2.9.1\gson-2.9.1.jar;C:\Users\mlamn\.m2\repository\org\jmonkeyengine\jme3-effects\3.7.0-stable\jme3-effects-3.7.0-stable.jar;C:\Users\mlamn\.m2\repository\org\jmonkeyengine\jme3-niftygui\3.7.0-stable\jme3-niftygui-3.7.0-stable.jar;C:\Users\mlamn\.m2\repository\com\github\nifty-gui\nifty\1.4.3\nifty-1.4.3.jar;C:\Users\mlamn\.m2\repository\xpp3\xpp3\1.1.4c\xpp3-1.1.4c.jar;C:\Users\mlamn\.m2\repository\com\google\code\findbugs\jsr305\2.0.2\jsr305-2.0.2.jar;C:\Users\mlamn\.m2\repository\com\github\nifty-gui\nifty-default-controls\1.4.3\nifty-default-controls-1.4.3.jar;C:\Users\mlamn\.m2\repository\com\github\nifty-gui\nifty-style-black\1.4.3\nifty-style-black-1.4.3.jar;C:\Users\mlamn\.m2\repository\org\jmonkeyengine\jme3-desktop\3.7.0-stable\jme3-desktop-3.7.0-stable.jar
Launcher Type: SUN_STANDARD

[Global flags]
     intx CICompilerCount                          = 4                                         {product} {ergonomic}
     uint ConcGCThreads                            = 2                                         {product} {ergonomic}
     uint G1ConcRefinementThreads                  = 8                                         {product} {ergonomic}
   size_t G1HeapRegionSize                         = 1048576                                   {product} {ergonomic}
   size_t InitialHeapSize                          = 132120576                                 {product} {ergonomic}
   size_t MarkStackSize                            = 4194304                                   {product} {ergonomic}
   size_t MarkStackSizeMax                         = 536870912                                 {product} {ergonomic}
   size_t MaxHeapSize                              = 2090860544                                {product} {ergonomic}
   size_t MaxNewSize                               = 1254096896                                {product} {ergonomic}
   size_t MinHeapDeltaBytes                        = 1048576                                   {product} {ergonomic}
   size_t MinHeapSize                              = 8388608                                   {product} {ergonomic}
    uintx NonNMethodCodeHeapSize                   = 5832704                                {pd product} {ergonomic}
    uintx NonProfiledCodeHeapSize                  = 122945536                              {pd product} {ergonomic}
    uintx ProfiledCodeHeapSize                     = 122880000                              {pd product} {ergonomic}
    uintx ReservedCodeCacheSize                    = 251658240                              {pd product} {ergonomic}
     bool SegmentedCodeCache                       = true                                      {product} {ergonomic}
     bool ShowCodeDetailsInExceptionMessages       = true                                   {manageable} {command line}
   size_t SoftMaxHeapSize                          = 2090860544                             {manageable} {ergonomic}
     bool UseCompressedOops                        = true                           {product lp64_product} {ergonomic}
     bool UseG1GC                                  = true                                      {product} {ergonomic}
     bool UseLargePagesIndividualAllocation        = false                                  {pd product} {ergonomic}

Logging:
Log output configuration:
 #0: stdout all=off uptime,level,tags foldmultilines=false
 #1: stderr all=off uptime,level,tags foldmultilines=false

Environment Variables:
PATH=C:\Program Files\Common Files\Oracle\Java\javapath;C:\Program Files (x86)\NVIDIA Corporation\PhysX\Common;C:\WINDOWS\system32;C:\WINDOWS;C:\WINDOWS\System32\Wbem;C:\WINDOWS\System32\WindowsPowerShell\v1.0\;C:\WINDOWS\System32\OpenSSH\;C:\Program Files (x86)\Windows Kits\8.1\Windows Performance Toolkit\;C:\Program Files (x86)\Bitvise SSH Client;C:\Program Files\Git\cmd;C:\Users\mlamn\AppData\Local\Microsoft\WindowsApps;C:\Users\mlamn\AppData\Local\Programs\Microsoft VS Code\bin;C:\apps\apache-maven-3.9.9\bin\;
USERNAME=mlamn
LANG=en_US.UTF-8
OS=Windows_NT
PROCESSOR_IDENTIFIER=Intel64 Family 6 Model 126 Stepping 5, GenuineIntel
TMP=C:\Users\mlamn\AppData\Local\Temp
TEMP=C:\Users\mlamn\AppData\Local\Temp




Periodic native trim disabled

---------------  S Y S T E M  ---------------

OS:
 Windows 11 , 64 bit Build 26100 (10.0.26100.3775)
OS uptime: 1 days 8:46 hours

CPU: total 8 (initial active 8) (4 cores per cpu, 2 threads per core) family 6 model 126 stepping 5 microcode 0xa0, cx8, cmov, fxsr, ht, mmx, 3dnowpref, sse, sse2, sse3, ssse3, sse4.1, sse4.2, popcnt, lzcnt, tsc, tscinvbit, avx, avx2, aes, erms, clmul, bmi1, bmi2, adx, avx512f, avx512dq, avx512cd, avx512bw, avx512vl, sha, fma, vzeroupper, avx512_vpopcntdq, avx512_vpclmulqdq, avx512_vaes, avx512_vnni, clflush, clflushopt, avx512_vbmi2, avx512_vbmi, rdtscp, rdpid, fsrm, gfni, avx512_bitalg, f16c, pku, avx512_ifma
Processor Information for the first 8 processors :
  Max Mhz: 1190, Current Mhz: 991, Mhz Limit: 987

Memory: 4k page, system-wide physical 7969M (702M free)
TotalPageFile size 16161M (AvailPageFile size 2290M)
current process WorkingSet (physical memory assigned to process): 249M, peak: 277M
current process commit charge ("private bytes"): 356M, peak: 386M

vm_info: Java HotSpot(TM) 64-Bit Server VM (23.0.2+7-58) for windows-amd64 JRE (23.0.2+7-58), built on 2024-11-29T09:34:55Z with MS VC++ 17.6 (VS2022)

END.
