#
# A fatal error has been detected by the Java Runtime Environment:
#
#  EXCEPTION_ACCESS_VIOLATION (0xc0000005) at pc=0x00007ffde1c915e5, pid=25540, tid=8836
#
# JRE version: Java(TM) SE Runtime Environment (23.0.2+7) (build 23.0.2+7-58)
# Java VM: Java HotSpot(TM) 64-Bit Server VM (23.0.2+7-58, mixed mode, sharing, tiered, compressed oops, compressed class ptrs, g1 gc, windows-amd64)
# Problematic frame:
# C  [ig11icd64.dll+0x415e5]
#
# No core dump will be written. Minidumps are not enabled by default on client versions of Windows
#
# If you would like to submit a bug report, please visit:
#   https://bugreport.java.com/bugreport/crash.jsp
#

---------------  S U M M A R Y ------------

Command Line: -XX:+ShowCodeDetailsInExceptionMessages voxel.Main

Host: Intel(R) Core(TM) i5-1035G1 CPU @ 1.00GHz, 8 cores, 7G,  Windows 11 , 64 bit Build 26100 (10.0.26100.3775)
Time: Mon May 12 21:44:07 2025 Paris, Madrid (heure duild 26100 (10.0.26100.3775) elapsed time: 852.691458 seconds (0d 0h 14m 12s)

---------------  T H R E A D  ---------------

Current thread (0x00000289f38987e0):  VMThread "VM Thread"          [id=8836, stack(0x000000a64c300000,0x000000a64c400000) (1024K)]

Stack: [0x000000a64c300000,0x000000a64c400000],  sp=0x000000a64c3fe240,  free space=1016k
Native frames: (J=compiled Java code, j=interpreted, Vv=VM code, C=native code)
C  [ig11icd64.dll+0x415e5]  (no source info available)
C  [ig11icd64.dll+0x24a56]  (no source info available)
C  [ig11icd64.dll+0x208e54]  (no source info available)
C  [ig11icd64.dll+0x89dc7]  (no source info available)
C  [ig11icd64.dll+0x151af3]  (no source info available)
C  [ig11icd64.dll+0x1c5dd]  (no source info available)
C  [ig11icd64.dll+0x94e2fb]  (no source info available)
C  [ntdll.dll+0x38830]  (no source info available)
C  [ntdll.dll+0xb24f0]  (no source info available)
C  [ntdll.dll+0xb16b4]  (no source info available)
C  [KERNEL32.DLL+0x418ab]  (no source info available)
C  [ucrtbase.dll+0xa0093]  (no source info available)
V  [jvm.dll+0x6d9b3c]  (no source info available)
V  [jvm.dll+0x6d9670]  (no source info available)
V  [jvm.dll+0x3da724]  (no source info available)
V  [jvm.dll+0x886d50]  (no source info available)
V  [jvm.dll+0x888077]  (no source info available)
V  [jvm.dll+0x8885a8]  (no source info available)
V  [jvm.dll+0x888843]  (no source info available)
V  [jvm.dll+0x8254cb]  (no source info available)
V  [jvm.dll+0x6df345]  (no source info available)
C  [ucrtbase.dll+0x37b0]  (no source info available)
C  [KERNEL32.DLL+0x2e8d7]  (no source info available)
C  [ntdll.dll+0xb14fc]  (no source info available)


siginfo: EXCEPTION_ACCESS_VIOLATION (0xc0000005), reading address 0x0000000000034868


Registers:
RAX=0x0000028a065c0240, RBX=0x0000028a065c0140, RCX=0x0000000000000000, RDX=0x0000028a065c0208
RSP=0x000000a64c3fe240, RBP=0x0000000000000000, RSI=0x00000289f9605fe0, RDI=0x00000289c5150ef0
R8 =0x00000289d47e02c0, R9 =0x000000a64b7b2000, R10=0x0000000000000000, R11=0x0000000000000246
R12=0x00000289c767de00, R13=0x0000000000000000, R14=0x0000028a065c05d0, R15=0x0000000000000000
RIP=0x00007ffde1c915e5, EFLAGS=0x0000000000010202


Register to memory mapping:

RAX=0x0000028a065c0240 points into unknown readable memory: 0x0000000000d09e6b | 6b 9e d0 00 00 00 00 00
RBX=0x0000028a065c0140 points into unknown readable memory: 0x00000289c5aeb5d0 | d0 b5 ae c5 89 02 00 00
RCX=0x0 is null
RDX=0x0000028a065c0208 points into unknown readable memory: 0x0000000000000000 | 00 00 00 00 00 00 00 00
RSP=0x000000a64c3fe240 points into unknown readable memory: 0x00000289c5b958a0 | a0 58 b9 c5 89 02 00 00
RBP=0x0 is null
RSI=0x00000289f9605fe0 points into unknown readable memory: 0x00000289c5aeb5d0 | d0 b5 ae c5 89 02 00 00
RDI=0x00000289c5150ef0 points into unknown readable memory: 0x0701090106010400 | 00 04 01 06 01 09 01 07
R8 =0x00000289d47e02c0 points into unknown readable memory: 0x80007ffde45a4890 | 90 48 5a e4 fd 7f 00 80
R9 =0x000000a64b7b2000 points into unknown readable memory: 0x0000000000000000 | 00 00 00 00 00 00 00 00
R10=0x0 is null
R11=0x0000000000000246 is an unknown value
R12=0x00000289c767de00 points into unknown readable memory: 0x0000000000000000 | 00 00 00 00 00 00 00 00
R13=0x0 is null
R14=0x0000028a065c05d0 points into unknown readable memory: 0x00000289f9605fe0 | e0 5f 60 f9 89 02 00 00
R15=0x0 is null

Top of Stack: (sp=0x000000a64c3fe240)
0x000000a64c3fe240:   00000289c5b958a0 0000000000000000
0x000000a64c3fe250:   0000fc40d9e1c3f6 0000005400000000
0x000000a64c3fe260:   00000000000000a0 0000000000000000
0x000000a64c3fe270:   0000000000d0b22f 00000289c767de00
0x000000a64c3fe280:   0000b802045800a8 00007ffde1c74a56
0x000000a64c3fe290:   00000289c5b958a0 00000289c5150ef0
0x000000a64c3fe2a0:   000000a64c3fe390 0000000000000000
0x000000a64c3fe2b0:   0000000000000000 0000000000000000
0x000000a64c3fe2c0:   0000000000000000 0000000000000000
0x000000a64c3fe2d0:   0001451c00000000 0000000000000000
0x000000a64c3fe2e0:   0000000000000000 00007ffea535fd02
0x000000a64c3fe2f0:   0000fc40d9e1c166 0000000000000000
0x000000a64c3fe300:   0000000000000000 000000a64c3fe3e0
0x000000a64c3fe310:   00000000000000a0 00000289c767f0c0
0x000000a64c3fe320:   0000000000000000 00000289c767f0c8
0x000000a64c3fe330:   0000b802045800a8 0000000000d3e278
0x000000a64c3fe340:   0000000000000000 800011c000000001
0x000000a64c3fe350:   0000000000000000 0000000000000000
0x000000a64c3fe360:   0000000000000000 0000000000000000
0x000000a64c3fe370:   0000000000000000 0000000000000000
0x000000a64c3fe380:   0000000000000000 0000000000000000
0x000000a64c3fe390:   0000000000000000 0000000000000000
0x000000a64c3fe3a0:   0000000000000000 0000000000000000
0x000000a64c3fe3b0:   0000000000000000 0000000000000000
0x000000a64c3fe3c0:   0000000000000000 0000000000000000
0x000000a64c3fe3d0:   0000000000000000 0000000000000000
0x000000a64c3fe3e0:   0000000000000000 0000000000000000
0x000000a64c3fe3f0:   0000000000000000 0000000000000000
0x000000a64c3fe400:   0000000000000000 0000000000000000
0x000000a64c3fe410:   0000000000000000 0000000000000000
0x000000a64c3fe420:   0000000000000000 0000000000000000
0x000000a64c3fe430:   0000000000000000 0000000000000000 

Instructions: (pc=0x00007ffde1c915e5)
0x00007ffde1c914e5:   c7 87 88 02 00 00 00 00 00 00 48 c7 87 a0 02 00
0x00007ffde1c914f5:   00 00 00 00 00 48 c7 87 90 02 00 00 00 00 00 00
0x00007ffde1c91505:   48 85 ed 75 1c 65 48 8b 0c 25 58 00 00 00 8b 05
0x00007ffde1c91515:   fb 53 e4 00 bd 10 00 00 00 48 8b 04 c1 48 8b 2c
0x00007ffde1c91525:   28 48 85 f6 0f 84 4d 03 00 00 90 48 8b de 4c 8d
0x00007ffde1c91535:   b6 90 04 00 00 49 8b 36 45 84 ff 0f 85 eb 02 00
0x00007ffde1c91545:   00 8b 8f e0 01 00 00 48 8b 05 9d c0 c5 00 83 b8
0x00007ffde1c91555:   50 03 00 00 02 0f 85 f9 00 00 00 48 8d 93 c8 00
0x00007ffde1c91565:   00 00 83 f9 10 73 06 48 6b c1 38 eb 5d 44 8d 41
0x00007ffde1c91575:   f0 41 8b c0 c1 e8 04 83 f8 03 73 20 0f ae e8 41
0x00007ffde1c91585:   83 e0 0f 4c 8b 8c c2 80 03 00 00 4d 85 c9 74 28
0x00007ffde1c91595:   41 8b c0 48 6b c0 38 49 03 c1 eb 31 48 8b 82 98
0x00007ffde1c915a5:   03 00 00 48 85 c0 74 10 0f 1f 00 39 08 74 29 48
0x00007ffde1c915b5:   8b 40 40 48 85 c0 75 f3 80 ba a0 03 00 00 00 74
0x00007ffde1c915c5:   1d 8b c1 83 e0 0f 48 6b c0 38 48 03 c2 48 85 c0
0x00007ffde1c915d5:   74 0c 48 8b 48 08 eb 08 48 83 c0 08 eb ef 33 c9
0x00007ffde1c915e5:   48 3b 8d 68 48 03 00 76 6b 48 8b 87 80 02 00 00
0x00007ffde1c915f5:   49 89 06 48 89 9f 80 02 00 00 ff 87 88 02 00 00
0x00007ffde1c91605:   48 8b 4b 08 48 8b 01 ba 01 00 00 00 48 8b 80 d0
0x00007ffde1c91615:   02 00 00 ff 15 6a f0 9f 00 0f b7 c8 48 2b c1 48
0x00007ffde1c91625:   05 00 00 01 00 48 01 87 90 02 00 00 48 8b 4b 08
0x00007ffde1c91635:   48 8b 01 ba 01 00 00 00 48 8b 80 d0 02 00 00 ff
0x00007ffde1c91645:   15 3e f0 9f 00 48 01 87 a0 02 00 00 41 b4 01 e9
0x00007ffde1c91655:   e3 01 00 00 44 8b 9f e0 01 00 00 48 8b 87 f8 01
0x00007ffde1c91665:   00 00 4c 8b 10 8b 8f e0 01 00 00 48 8d 93 c8 00
0x00007ffde1c91675:   00 00 83 f9 10 73 06 48 6b c1 38 eb 5d 44 8d 41
0x00007ffde1c91685:   f0 41 8b c0 c1 e8 04 83 f8 03 73 20 0f ae e8 41
0x00007ffde1c91695:   83 e0 0f 4c 8b 8c c2 80 03 00 00 4d 85 c9 74 28
0x00007ffde1c916a5:   41 8b c0 48 6b c0 38 49 03 c1 eb 31 48 8b 82 98
0x00007ffde1c916b5:   03 00 00 48 85 c0 74 10 0f 1f 00 39 08 74 3e 48
0x00007ffde1c916c5:   8b 40 40 48 85 c0 75 f3 80 ba a0 03 00 00 00 74
0x00007ffde1c916d5:   1b 8b c1 83 e0 0f 48 6b c0 38 48 03 c2 48 85 c0 


Stack slot to memory mapping:

stack at sp + 0 slots: 0x00000289c5b958a0 points into unknown readable memory: 0x00000289c5a5bb10 | 10 bb a5 c5 89 02 00 00
stack at sp + 1 slots: 0x0 is null
stack at sp + 2 slots: 0x0000fc40d9e1c3f6 is an unknown value
stack at sp + 3 slots: 0x0000005400000000 is an unknown value
stack at sp + 4 slots: 0x00000000000000a0 is an unknown value
stack at sp + 5 slots: 0x0 is null
stack at sp + 6 slots: 0x0000000000d0b22f is an unknown value
stack at sp + 7 slots: 0x00000289c767de00 points into unknown readable memory: 0x0000000000000000 | 00 00 00 00 00 00 00 00

VM_Operation (0x000000a64cffee20): Exit, mode: safepoint, requested by thread 0x00000289c740be30


---------------  P R O C E S S  ---------------

Threads class SMR info:
_java_thread_list=0x00000289c7426630, length=19, elements={
0x00000289f38b23a0, 0x00000289f38b3e10, 0x00000289f38b9d90, 0x00000289f38bac30,
0x00000289f38be6d0, 0x00000289f38c8440, 0x00000289f38db2c0, 0x00000289f38fbb40,
0x00000289c51547e0, 0x00000289c515e940, 0x00000289c5724c20, 0x00000289c585cc20,
0x00000289d49a6f10, 0x00000289c6cf36e0, 0x00000289c740df00, 0x00000289c740cb50,
0x00000289c740e590, 0x00000289c740be30, 0x00000289c70bcb50
}

Java Threads: ( => current thread )
  0x00000289f38b23a0 JavaThread "Reference Handler"          daemon [_thread_blocked, id=21748, stack(0x000000a64c400000,0x000000a64c500000) (1024K)]
  0x00000289f38b3e10 JavaThread "Finalizer"                  daemon [_thread_blocked, id=18444, stack(0x000000a64c500000,0x000000a64c600000) (1024K)]
  0x00000289f38b9d90 JavaThread "Signal Dispatcher"          daemon [_thread_blocked, id=25896, stack(0x000000a64c600000,0x000000a64c700000) (1024K)]
  0x00000289f38bac30 JavaThread "Attach Listener"            daemon [_thread_blocked, id=26188, stack(0x000000a64c700000,0x000000a64c800000) (1024K)]
  0x00000289f38be6d0 JavaThread "Service Thread"             daemon [_thread_blocked, id=26584, stack(0x000000a64c800000,0x000000a64c900000) (1024K)]
  0x00000289f38c8440 JavaThread "Monitor Deflation Thread"   daemon [_thread_blocked, id=21024, stack(0x000000a64c900000,0x000000a64ca00000) (1024K)]
  0x00000289f38db2c0 JavaThread "C2 CompilerThread0"         daemon [_thread_blocked, id=25472, stack(0x000000a64ca00000,0x000000a64cb00000) (1024K)]
  0x00000289f38fbb40 JavaThread "C1 CompilerThread0"         daemon [_thread_blocked, id=17924, stack(0x000000a64cb00000,0x000000a64cc00000) (1024K)]
  0x00000289c51547e0 JavaThread "Notification Thread"        daemon [_thread_blocked, id=23368, stack(0x000000a64cc00000,0x000000a64cd00000) (1024K)]
  0x00000289c515e940 JavaThread "Common-Cleaner"             daemon [_thread_blocked, id=17532, stack(0x000000a64cd00000,0x000000a64ce00000) (1024K)]
  0x00000289c5724c20 JavaThread "Java2D Disposer"            daemon [_thread_blocked, id=17528, stack(0x000000a64ce00000,0x000000a64cf00000) (1024K)]
  0x00000289c585cc20 JavaThread "TimerQueue"                 daemon [_thread_blocked, id=3880, stack(0x000000a64d300000,0x000000a64d400000) (1024K)]
  0x00000289d49a6f10 JavaThread "DestroyJavaVM"                     [_thread_blocked, id=20920, stack(0x000000a64bc00000,0x000000a64bd00000) (1024K)]
  0x00000289c6cf36e0 JavaThread "LWJGL Deallocator"          daemon [_thread_blocked, id=17860, stack(0x000000a64df00000,0x000000a64e000000) (1024K)]
  0x00000289c740df00 JavaThread "jME3 Main"                         [_thread_blocked, id=24592, stack(0x000000a64e000000,0x000000a64e100000) (1024K)]
  0x00000289c740cb50 JavaThread "LWJGL Timer"                daemon [_thread_blocked, id=26416, stack(0x000000a64e800000,0x000000a64e900000) (1024K)]
  0x00000289c740e590 JavaThread "jME3 Audio Decoder"         daemon [_thread_blocked, id=26508, stack(0x000000a64eb00000,0x000000a64ec00000) (1024K)]
  0x00000289c740be30 JavaThread "SIGINT handler"             daemon [_thread_blocked, id=25392, stack(0x000000a64cf00000,0x000000a64d000000) (1024K)]
  0x00000289c70bcb50 JavaThread "AWT-Shutdown"                      [_thread_blocked, id=26232, stack(0x000000a64e200000,0x000000a64e300000) (1024K)]
Total: 19

Other Threads:
=>0x00000289f38987e0 VMThread "VM Thread"                           [id=8836, stack(0x000000a64c300000,0x000000a64c400000) (1024K)]
  0x00000289d63f8c40 WorkerThread "GC Thread#0"                     [id=25636, stack(0x000000a64bd00000,0x000000a64be00000) (1024K)]
  0x00000289c5a13550 WorkerThread "GC Thread#1"                     [id=24616, stack(0x000000a64d200000,0x000000a64d300000) (1024K)]
  0x00000289c5a13900 WorkerThread "GC Thread#2"                     [id=25132, stack(0x000000a64d500000,0x000000a64d600000) (1024K)]
  0x00000289c5099a70 WorkerThread "GC Thread#3"                     [id=18348, stack(0x000000a64d600000,0x000000a64d700000) (1024K)]
  0x00000289c5099e20 WorkerThread "GC Thread#4"                     [id=8344, stack(0x000000a64d700000,0x000000a64d800000) (1024K)]
  0x00000289c509a1d0 WorkerThread "GC Thread#5"                     [id=16724, stack(0x000000a64d800000,0x000000a64d900000) (1024K)]
  0x00000289c509a580 WorkerThread "GC Thread#6"                     [id=17260, stack(0x000000a64d900000,0x000000a64da00000) (1024K)]
  0x00000289c509a930 WorkerThread "GC Thread#7"                     [id=17200, stack(0x000000a64da00000,0x000000a64db00000) (1024K)]
  0x00000289d640d420 ConcurrentGCThread "G1 Main Marker"            terminated
  0x00000289d640ee50 WorkerThread "G1 Conc#0"                       [id=22496, stack(0x000000a64bf00000,0x000000a64c000000) (1024K)]
  0x00000289cfc1d2d0 WorkerThread "G1 Conc#1"                       [id=20032, stack(0x000000a64e600000,0x000000a64e700000) (1024K)]
  0x00000289f374b540 ConcurrentGCThread "G1 Refine#0"               terminated
  0x00000289f374cd60 ConcurrentGCThread "G1 Service"                terminated
Total: 14

Threads with active compile tasks:
Total: 0

VM state: at safepoint (shutting down)

VM Mutex/Monitor currently owned by a thread:  ([mutex/lock_event])
[0x00007ffde45a4888] Threads_lock - owner thread: 0x00000289f38987e0
[0x00007ffde45a4988] Heap_lock - owner thread: 0x00000289c740be30

Heap address: 0x0000000083600000, size: 1994 MB, Compressed Oops mode: 32-bit

CDS archive(s) mapped at: [0x0000028980000000-0x0000028980d70000-0x0000028980d70000), size 14090240, SharedBaseAddress: 0x0000028980000000, ArchiveRelocationMode: 1.
Compressed class space mapped at: 0x0000028981000000-0x00000289c1000000, reserved size: 1073741824
Narrow klass base: 0x0000028980000000, Narrow klass shift: 0, Narrow klass range: 0x41000000

GC Precious Log:
 CardTable entry size: 512
 Card Set container configuration: InlinePtr #cards 5 size 8 Array Of Cards #cards 10 size 36 Howl #buckets 4 coarsen threshold 1843 Howl Bitmap #cards 512 size 80 coarsen threshold 460 Card regions per heap region 1 cards per card region 2048
 CPUs: 8 total, 8 available
 Memory: 7969M
 Large Page Support: Disabled
 NUMA Support: Disabled
 Compressed Oops: Enabled (32-bit)
 Heap Region Size: 1M
 Heap Min Capacity: 8M
 Heap Initial Capacity: 126M
 Heap Max Capacity: 1994M
 Pre-touch: Disabled
 Parallel Workers: 8
 Concurrent Workers: 2
 Concurrent Refinement Workers: 8
 Periodic GC: Disabled

Heap:
 garbage-first heap   total reserved 2041856K, committed 69632K, used 46872K [0x0000000083600000, 0x0000000100000000)
  region size 1024K, 34 young (34816K), 3 survivors (3072K)
 Metaspace       used 21308K, committed 21632K, reserved 1114112K
  class space    used 2179K, committed 2304K, reserved 1048576K

Heap Regions: E=young(eden), S=young(survivor), O=old, HS=humongous(starts), HC=humongous(continues), CS=collection set, F=free, TAMS=top-at-mark-start, PB=parsable bottom
|   0|0x0000000083600000, 0x0000000083700000, 0x0000000083700000|100%|HS|  |TAMS 0x0000000083600000| PB 0x0000000083600000| Complete |  0
|   1|0x0000000083700000, 0x0000000083800000, 0x0000000083800000|100%|HC|  |TAMS 0x0000000083700000| PB 0x0000000083700000| Complete |  0
|   2|0x0000000083800000, 0x0000000083900000, 0x0000000083900000|100%|HS|  |TAMS 0x0000000083800000| PB 0x0000000083800000| Complete |  0
|   3|0x0000000083900000, 0x0000000083a00000, 0x0000000083a00000|100%|HC|  |TAMS 0x0000000083900000| PB 0x0000000083900000| Complete |  0
|   4|0x0000000083a00000, 0x0000000083a00000, 0x0000000083b00000|  0%| F|  |TAMS 0x0000000083a00000| PB 0x0000000083a00000| Untracked |  0
|   5|0x0000000083b00000, 0x0000000083bfb478, 0x0000000083c00000| 98%| O|  |TAMS 0x0000000083b00000| PB 0x0000000083b00000| Untracked |  0
|   6|0x0000000083c00000, 0x0000000083cfa588, 0x0000000083d00000| 97%| O|  |TAMS 0x0000000083c00000| PB 0x0000000083c00000| Untracked |  0
|   7|0x0000000083d00000, 0x0000000083dd3920, 0x0000000083e00000| 82%| O|  |TAMS 0x0000000083d00000| PB 0x0000000083d00000| Untracked |  0
|   8|0x0000000083e00000, 0x0000000083f00000, 0x0000000083f00000|100%| O|  |TAMS 0x0000000083e00000| PB 0x0000000083e00000| Untracked |  0
|   9|0x0000000083f00000, 0x0000000084000000, 0x0000000084000000|100%| O|  |TAMS 0x0000000083f00000| PB 0x0000000083f00000| Untracked |  0
|  10|0x0000000084000000, 0x0000000084100000, 0x0000000084100000|100%| O|  |TAMS 0x0000000084000000| PB 0x0000000084000000| Untracked |  0
|  11|0x0000000084100000, 0x0000000084200000, 0x0000000084200000|100%| O|  |TAMS 0x0000000084100000| PB 0x0000000084100000| Untracked |  0
|  12|0x0000000084200000, 0x0000000084300000, 0x0000000084300000|100%| O|  |TAMS 0x0000000084200000| PB 0x0000000084200000| Untracked |  0
|  13|0x0000000084300000, 0x0000000084400000, 0x0000000084400000|100%| O|  |TAMS 0x0000000084300000| PB 0x0000000084300000| Untracked |  0
|  14|0x0000000084400000, 0x0000000084434da8, 0x0000000084500000| 20%| O|  |TAMS 0x0000000084400000| PB 0x0000000084400000| Untracked |  0
|  15|0x0000000084500000, 0x0000000084500000, 0x0000000084600000|  0%| F|  |TAMS 0x0000000084500000| PB 0x0000000084500000| Untracked |  0
|  16|0x0000000084600000, 0x0000000084600000, 0x0000000084700000|  0%| F|  |TAMS 0x0000000084600000| PB 0x0000000084600000| Untracked |  0
|  17|0x0000000084700000, 0x0000000084700000, 0x0000000084800000|  0%| F|  |TAMS 0x0000000084700000| PB 0x0000000084700000| Untracked |  0
|  18|0x0000000084800000, 0x0000000084800000, 0x0000000084900000|  0%| F|  |TAMS 0x0000000084800000| PB 0x0000000084800000| Untracked |  0
|  19|0x0000000084900000, 0x0000000084900000, 0x0000000084a00000|  0%| F|  |TAMS 0x0000000084900000| PB 0x0000000084900000| Untracked |  0
|  20|0x0000000084a00000, 0x0000000084a00000, 0x0000000084b00000|  0%| F|  |TAMS 0x0000000084a00000| PB 0x0000000084a00000| Untracked |  0
|  21|0x0000000084b00000, 0x0000000084b00000, 0x0000000084c00000|  0%| F|  |TAMS 0x0000000084b00000| PB 0x0000000084b00000| Untracked |  0
|  22|0x0000000084c00000, 0x0000000084c00000, 0x0000000084d00000|  0%| F|  |TAMS 0x0000000084c00000| PB 0x0000000084c00000| Untracked |  0
|  23|0x0000000084d00000, 0x0000000084d00000, 0x0000000084e00000|  0%| F|  |TAMS 0x0000000084d00000| PB 0x0000000084d00000| Untracked |  0
|  24|0x0000000084e00000, 0x0000000084e00000, 0x0000000084f00000|  0%| F|  |TAMS 0x0000000084e00000| PB 0x0000000084e00000| Untracked |  0
|  25|0x0000000084f00000, 0x0000000084f00000, 0x0000000085000000|  0%| F|  |TAMS 0x0000000084f00000| PB 0x0000000084f00000| Untracked |  0
|  26|0x0000000085000000, 0x0000000085000000, 0x0000000085100000|  0%| F|  |TAMS 0x0000000085000000| PB 0x0000000085000000| Untracked |  0
|  27|0x0000000085100000, 0x00000000851c7fe0, 0x0000000085200000| 78%| S|CS|TAMS 0x0000000085100000| PB 0x0000000085100000| Complete |  0
|  28|0x0000000085200000, 0x0000000085300000, 0x0000000085300000|100%| S|CS|TAMS 0x0000000085200000| PB 0x0000000085200000| Complete |  0
|  29|0x0000000085300000, 0x0000000085400000, 0x0000000085400000|100%| S|CS|TAMS 0x0000000085300000| PB 0x0000000085300000| Complete |  0
|  30|0x0000000085400000, 0x0000000085400000, 0x0000000085500000|  0%| F|  |TAMS 0x0000000085400000| PB 0x0000000085400000| Untracked |  0
|  31|0x0000000085500000, 0x0000000085500000, 0x0000000085600000|  0%| F|  |TAMS 0x0000000085500000| PB 0x0000000085500000| Untracked |  0
|  32|0x0000000085600000, 0x0000000085600000, 0x0000000085700000|  0%| F|  |TAMS 0x0000000085600000| PB 0x0000000085600000| Untracked |  0
|  33|0x0000000085700000, 0x0000000085700000, 0x0000000085800000|  0%| F|  |TAMS 0x0000000085700000| PB 0x0000000085700000| Untracked |  0
|  34|0x0000000085800000, 0x0000000085800000, 0x0000000085900000|  0%| F|  |TAMS 0x0000000085800000| PB 0x0000000085800000| Untracked |  0
|  35|0x0000000085900000, 0x0000000085900000, 0x0000000085a00000|  0%| F|  |TAMS 0x0000000085900000| PB 0x0000000085900000| Untracked |  0
|  36|0x0000000085a00000, 0x0000000085a00000, 0x0000000085b00000|  0%| F|  |TAMS 0x0000000085a00000| PB 0x0000000085a00000| Untracked |  0
|  37|0x0000000085b00000, 0x0000000085bbd770, 0x0000000085c00000| 74%| E|  |TAMS 0x0000000085b00000| PB 0x0000000085b00000| Complete |  0
|  38|0x0000000085c00000, 0x0000000085d00000, 0x0000000085d00000|100%| E|CS|TAMS 0x0000000085c00000| PB 0x0000000085c00000| Complete |  0
|  39|0x0000000085d00000, 0x0000000085e00000, 0x0000000085e00000|100%| E|CS|TAMS 0x0000000085d00000| PB 0x0000000085d00000| Complete |  0
|  40|0x0000000085e00000, 0x0000000085f00000, 0x0000000085f00000|100%| E|CS|TAMS 0x0000000085e00000| PB 0x0000000085e00000| Complete |  0
|  41|0x0000000085f00000, 0x0000000086000000, 0x0000000086000000|100%| E|CS|TAMS 0x0000000085f00000| PB 0x0000000085f00000| Complete |  0
|  42|0x0000000086000000, 0x0000000086100000, 0x0000000086100000|100%| E|CS|TAMS 0x0000000086000000| PB 0x0000000086000000| Complete |  0
|  43|0x0000000086100000, 0x0000000086200000, 0x0000000086200000|100%| E|CS|TAMS 0x0000000086100000| PB 0x0000000086100000| Complete |  0
|  44|0x0000000086200000, 0x0000000086300000, 0x0000000086300000|100%| E|CS|TAMS 0x0000000086200000| PB 0x0000000086200000| Complete |  0
|  45|0x0000000086300000, 0x0000000086400000, 0x0000000086400000|100%| E|CS|TAMS 0x0000000086300000| PB 0x0000000086300000| Complete |  0
|  46|0x0000000086400000, 0x0000000086500000, 0x0000000086500000|100%| E|CS|TAMS 0x0000000086400000| PB 0x0000000086400000| Complete |  0
|  47|0x0000000086500000, 0x0000000086600000, 0x0000000086600000|100%| E|CS|TAMS 0x0000000086500000| PB 0x0000000086500000| Complete |  0
|  48|0x0000000086600000, 0x0000000086700000, 0x0000000086700000|100%| E|CS|TAMS 0x0000000086600000| PB 0x0000000086600000| Complete |  0
|  49|0x0000000086700000, 0x0000000086800000, 0x0000000086800000|100%| E|CS|TAMS 0x0000000086700000| PB 0x0000000086700000| Complete |  0
|  50|0x0000000086800000, 0x0000000086900000, 0x0000000086900000|100%| E|CS|TAMS 0x0000000086800000| PB 0x0000000086800000| Complete |  0
|  51|0x0000000086900000, 0x0000000086a00000, 0x0000000086a00000|100%| E|CS|TAMS 0x0000000086900000| PB 0x0000000086900000| Complete |  0
|  52|0x0000000086a00000, 0x0000000086b00000, 0x0000000086b00000|100%| E|CS|TAMS 0x0000000086a00000| PB 0x0000000086a00000| Complete |  0
|  53|0x0000000086b00000, 0x0000000086c00000, 0x0000000086c00000|100%| E|CS|TAMS 0x0000000086b00000| PB 0x0000000086b00000| Complete |  0
|  54|0x0000000086c00000, 0x0000000086d00000, 0x0000000086d00000|100%| E|CS|TAMS 0x0000000086c00000| PB 0x0000000086c00000| Complete |  0
|  55|0x0000000086d00000, 0x0000000086e00000, 0x0000000086e00000|100%| E|CS|TAMS 0x0000000086d00000| PB 0x0000000086d00000| Complete |  0
|  56|0x0000000086e00000, 0x0000000086f00000, 0x0000000086f00000|100%| E|CS|TAMS 0x0000000086e00000| PB 0x0000000086e00000| Complete |  0
|  57|0x0000000086f00000, 0x0000000087000000, 0x0000000087000000|100%| E|CS|TAMS 0x0000000086f00000| PB 0x0000000086f00000| Complete |  0
|  58|0x0000000087000000, 0x0000000087100000, 0x0000000087100000|100%| E|CS|TAMS 0x0000000087000000| PB 0x0000000087000000| Complete |  0
|  59|0x0000000087100000, 0x0000000087200000, 0x0000000087200000|100%| E|CS|TAMS 0x0000000087100000| PB 0x0000000087100000| Complete |  0
|  60|0x0000000087200000, 0x0000000087300000, 0x0000000087300000|100%| E|CS|TAMS 0x0000000087200000| PB 0x0000000087200000| Complete |  0
|  61|0x0000000087300000, 0x0000000087400000, 0x0000000087400000|100%| E|CS|TAMS 0x0000000087300000| PB 0x0000000087300000| Complete |  0
|  62|0x0000000087400000, 0x0000000087500000, 0x0000000087500000|100%| E|CS|TAMS 0x0000000087400000| PB 0x0000000087400000| Complete |  0
|  63|0x0000000087500000, 0x0000000087600000, 0x0000000087600000|100%| E|CS|TAMS 0x0000000087500000| PB 0x0000000087500000| Complete |  0
|  64|0x0000000087600000, 0x0000000087700000, 0x0000000087700000|100%| E|CS|TAMS 0x0000000087600000| PB 0x0000000087600000| Complete |  0
|  65|0x0000000087700000, 0x0000000087800000, 0x0000000087800000|100%| E|CS|TAMS 0x0000000087700000| PB 0x0000000087700000| Complete |  0
|  75|0x0000000088100000, 0x0000000088200000, 0x0000000088200000|100%| E|CS|TAMS 0x0000000088100000| PB 0x0000000088100000| Complete |  0
|  76|0x0000000088200000, 0x0000000088300000, 0x0000000088300000|100%| E|CS|TAMS 0x0000000088200000| PB 0x0000000088200000| Complete |  0

Card table byte_map: [0x00000289eead0000,0x00000289eeec0000] _byte_map_base: 0x00000289ee6b5000

Marking Bits: (CMBitMap*) 0x00000289d63f9350
 Bits: [0x00000289eeec0000, 0x00000289f0de8000)

Polling page: 0x00000289d6460000

Metaspace:

Usage:
  Non-class:     18.68 MB used.
      Class:      2.13 MB used.
       Both:     20.81 MB used.

Virtual space:
  Non-class space:       64.00 MB reserved,      18.88 MB ( 29%) committed,  1 nodes.
      Class space:        1.00 GB reserved,       2.25 MB ( <1%) committed,  1 nodes.
             Both:        1.06 GB reserved,      21.12 MB (  2%) committed. 

Chunk freelists:
   Non-Class:  12.48 MB
       Class:  13.72 MB
        Both:  26.21 MB

MaxMetaspaceSize: unlimited
CompressedClassSpaceSize: 1.00 GB
Initial GC threshold: 21.00 MB
Current GC threshold: 28.69 MB
CDS: on
 - commit_granule_bytes: 65536.
 - commit_granule_words: 8192.
 - virtual_space_node_default_size: 8388608.
 - enlarge_chunks_in_place: 1.
 - use_allocation_guard: 0.


Internal statistics:

num_allocs_failed_limit: 0.
num_arena_births: 264.
num_arena_deaths: 0.
num_vsnodes_births: 2.
num_vsnodes_deaths: 0.
num_space_committed: 337.
num_space_uncommitted: 0.
num_chunks_returned_to_freelist: 0.
num_chunks_taken_from_freelist: 646.
num_chunk_merges: 0.
num_chunk_splits: 448.
num_chunks_enlarged: 311.
num_inconsistent_stats: 0.

CodeHeap 'non-profiled nmethods': size=120064Kb used=2028Kb max_used=2028Kb free=118035Kb
 bounds [0x00000289e6710000, 0x00000289e6980000, 0x00000289edc50000]
CodeHeap 'profiled nmethods': size=120000Kb used=5373Kb max_used=5373Kb free=114626Kb
 bounds [0x00000289dec50000, 0x00000289df190000, 0x00000289e6180000]
CodeHeap 'non-nmethods': size=5696Kb used=2631Kb max_used=2668Kb free=3064Kb
 bounds [0x00000289e6180000, 0x00000289e6430000, 0x00000289e6710000]
CodeCache: size=245760Kb, used=10032Kb, max_used=10069Kb, free=235725Kb
 total_blobs=5308, nmethods=4021, adapters=1192, full_count=0
Compilation: enabled, stopped_count=0, restarted_count=0

Compilation events (20 events):
Event: 675.944 Thread 0x00000289f38db2c0 4206       4       java.util.LinkedList::clear (60 bytes)
Event: 675.948 Thread 0x00000289f38db2c0 nmethod 4206 0x00000289e690ab08 code [0x00000289e690ac00, 0x00000289e690ae78]
Event: 812.043 Thread 0x00000289f38fbb40 4207   !   3       jdk.internal.ref.PhantomCleanable::isListEmpty (34 bytes)
Event: 812.055 Thread 0x00000289f38fbb40 nmethod 4207 0x00000289df18b308 code [0x00000289df18b420, 0x00000289df18b710]
Event: 812.057 Thread 0x00000289f38fbb40 4208       3       jdk.internal.misc.InnocuousThread::eraseThreadLocals (23 bytes)
Event: 812.060 Thread 0x00000289f38fbb40 nmethod 4208 0x00000289df18b788 code [0x00000289df18b8a0, 0x00000289df18ba88]
Event: 812.060 Thread 0x00000289f38fbb40 4209   !   3       java.lang.ref.ReferenceQueue::remove (61 bytes)
Event: 812.084 Thread 0x00000289f38fbb40 nmethod 4209 0x00000289df18bb08 code [0x00000289df18bd00, 0x00000289df18c880]
Event: 812.084 Thread 0x00000289f38fbb40 4210       3       java.lang.ref.ReferenceQueue::remove0 (64 bytes)
Event: 812.093 Thread 0x00000289f38fbb40 nmethod 4210 0x00000289df18c908 code [0x00000289df18ca80, 0x00000289df18cef8]
Event: 819.557 Thread 0x00000289f38db2c0 4211       4       com.jme3.opencl.OpenCLObjectManager::getInstance (4 bytes)
Event: 819.559 Thread 0x00000289f38db2c0 nmethod 4211 0x00000289e690ae88 code [0x00000289e690af80, 0x00000289e690aff0]
Event: 825.865 Thread 0x00000289f38fbb40 4212       3       org.lwjgl.glfw.GLFW::glfwWindowShouldClose (29 bytes)
Event: 825.866 Thread 0x00000289f38fbb40 nmethod 4212 0x00000289df18cf88 code [0x00000289df18d0e0, 0x00000289df18d3c0]
Event: 852.529 Thread 0x00000289f38fbb40 4213       3       java.util.logging.LogManager::checkPermission (16 bytes)
Event: 852.529 Thread 0x00000289f38fbb40 nmethod 4213 0x00000289df18d408 code [0x00000289df18d540, 0x00000289df18d730]
Event: 852.529 Thread 0x00000289f38fbb40 4214       3       java.util.logging.Logger::updateEffectiveLevel (126 bytes)
Event: 852.530 Thread 0x00000289f38fbb40 nmethod 4214 0x00000289df18d788 code [0x00000289df18d940, 0x00000289df18e350]
Event: 852.530 Thread 0x00000289f38fbb40 4215   !   3       java.util.logging.LogManager$LoggerContext::findLogger (113 bytes)
Event: 852.532 Thread 0x00000289f38fbb40 nmethod 4215 0x00000289df18e408 code [0x00000289df18e620, 0x00000289df18f520]

GC Heap History (20 events):
Event: 14.073 GC heap before
{Heap before GC invocations=7 (full 2):
 garbage-first heap   total reserved 2041856K, committed 27648K, used 19668K [0x0000000083600000, 0x0000000100000000)
  region size 1024K, 7 young (7168K), 1 survivors (1024K)
 Metaspace       used 17303K, committed 17600K, reserved 1114112K
  class space    used 1804K, committed 1984K, reserved 1048576K
}
Event: 14.073 GC heap after
{Heap after GC invocations=8 (full 2):
 garbage-first heap   total reserved 2041856K, committed 27648K, used 13469K [0x0000000083600000, 0x0000000100000000)
  region size 1024K, 1 young (1024K), 1 survivors (1024K)
 Metaspace       used 17303K, committed 17600K, reserved 1114112K
  class space    used 1804K, committed 1984K, reserved 1048576K
}
Event: 14.093 GC heap before
{Heap before GC invocations=8 (full 2):
 garbage-first heap   total reserved 2041856K, committed 27648K, used 18589K [0x0000000083600000, 0x0000000100000000)
  region size 1024K, 7 young (7168K), 1 survivors (1024K)
 Metaspace       used 17303K, committed 17600K, reserved 1114112K
  class space    used 1804K, committed 1984K, reserved 1048576K
}
Event: 14.093 GC heap after
{Heap after GC invocations=9 (full 2):
 garbage-first heap   total reserved 2041856K, committed 27648K, used 13664K [0x0000000083600000, 0x0000000100000000)
  region size 1024K, 1 young (1024K), 1 survivors (1024K)
 Metaspace       used 17303K, committed 17600K, reserved 1114112K
  class space    used 1804K, committed 1984K, reserved 1048576K
}
Event: 14.120 GC heap before
{Heap before GC invocations=9 (full 2):
 garbage-first heap   total reserved 2041856K, committed 27648K, used 20832K [0x0000000083600000, 0x0000000100000000)
  region size 1024K, 8 young (8192K), 1 survivors (1024K)
 Metaspace       used 17304K, committed 17600K, reserved 1114112K
  class space    used 1804K, committed 1984K, reserved 1048576K
}
Event: 14.122 GC heap after
{Heap after GC invocations=10 (full 2):
 garbage-first heap   total reserved 2041856K, committed 78848K, used 13683K [0x0000000083600000, 0x0000000100000000)
  region size 1024K, 1 young (1024K), 1 survivors (1024K)
 Metaspace       used 17304K, committed 17600K, reserved 1114112K
  class space    used 1804K, committed 1984K, reserved 1048576K
}
Event: 14.290 GC heap before
{Heap before GC invocations=11 (full 2):
 garbage-first heap   total reserved 2041856K, committed 51200K, used 48499K [0x0000000083600000, 0x0000000100000000)
  region size 1024K, 36 young (36864K), 1 survivors (1024K)
 Metaspace       used 17331K, committed 17664K, reserved 1114112K
  class space    used 1804K, committed 1984K, reserved 1048576K
}
Event: 14.291 GC heap after
{Heap after GC invocations=12 (full 2):
 garbage-first heap   total reserved 2041856K, committed 52224K, used 13701K [0x0000000083600000, 0x0000000100000000)
  region size 1024K, 1 young (1024K), 1 survivors (1024K)
 Metaspace       used 17331K, committed 17664K, reserved 1114112K
  class space    used 1804K, committed 1984K, reserved 1048576K
}
Event: 14.340 GC heap before
{Heap before GC invocations=12 (full 2):
 garbage-first heap   total reserved 2041856K, committed 52224K, used 34181K [0x0000000083600000, 0x0000000100000000)
  region size 1024K, 21 young (21504K), 1 survivors (1024K)
 Metaspace       used 17344K, committed 17664K, reserved 1114112K
  class space    used 1804K, committed 1984K, reserved 1048576K
}
Event: 14.342 GC heap after
{Heap after GC invocations=13 (full 2):
 garbage-first heap   total reserved 2041856K, committed 52224K, used 13894K [0x0000000083600000, 0x0000000100000000)
  region size 1024K, 1 young (1024K), 1 survivors (1024K)
 Metaspace       used 17344K, committed 17664K, reserved 1114112K
  class space    used 1804K, committed 1984K, reserved 1048576K
}
Event: 14.401 GC heap before
{Heap before GC invocations=13 (full 2):
 garbage-first heap   total reserved 2041856K, committed 52224K, used 36422K [0x0000000083600000, 0x0000000100000000)
  region size 1024K, 23 young (23552K), 1 survivors (1024K)
 Metaspace       used 17350K, committed 17664K, reserved 1114112K
  class space    used 1804K, committed 1984K, reserved 1048576K
}
Event: 14.402 GC heap after
{Heap after GC invocations=14 (full 2):
 garbage-first heap   total reserved 2041856K, committed 52224K, used 14107K [0x0000000083600000, 0x0000000100000000)
  region size 1024K, 1 young (1024K), 1 survivors (1024K)
 Metaspace       used 17350K, committed 17664K, reserved 1114112K
  class space    used 1804K, committed 1984K, reserved 1048576K
}
Event: 14.463 GC heap before
{Heap before GC invocations=14 (full 2):
 garbage-first heap   total reserved 2041856K, committed 52224K, used 38683K [0x0000000083600000, 0x0000000100000000)
  region size 1024K, 25 young (25600K), 1 survivors (1024K)
 Metaspace       used 17350K, committed 17664K, reserved 1114112K
  class space    used 1804K, committed 1984K, reserved 1048576K
}
Event: 14.466 GC heap after
{Heap after GC invocations=15 (full 2):
 garbage-first heap   total reserved 2041856K, committed 52224K, used 14189K [0x0000000083600000, 0x0000000100000000)
  region size 1024K, 1 young (1024K), 1 survivors (1024K)
 Metaspace       used 17350K, committed 17664K, reserved 1114112K
  class space    used 1804K, committed 1984K, reserved 1048576K
}
Event: 14.512 GC heap before
{Heap before GC invocations=15 (full 2):
 garbage-first heap   total reserved 2041856K, committed 52224K, used 39789K [0x0000000083600000, 0x0000000100000000)
  region size 1024K, 27 young (27648K), 1 survivors (1024K)
 Metaspace       used 17353K, committed 17664K, reserved 1114112K
  class space    used 1804K, committed 1984K, reserved 1048576K
}
Event: 14.514 GC heap after
{Heap after GC invocations=16 (full 2):
 garbage-first heap   total reserved 2041856K, committed 52224K, used 14300K [0x0000000083600000, 0x0000000100000000)
  region size 1024K, 1 young (1024K), 1 survivors (1024K)
 Metaspace       used 17353K, committed 17664K, reserved 1114112K
  class space    used 1804K, committed 1984K, reserved 1048576K
}
Event: 14.569 GC heap before
{Heap before GC invocations=16 (full 2):
 garbage-first heap   total reserved 2041856K, committed 52224K, used 41948K [0x0000000083600000, 0x0000000100000000)
  region size 1024K, 28 young (28672K), 1 survivors (1024K)
 Metaspace       used 17382K, committed 17728K, reserved 1114112K
  class space    used 1804K, committed 1984K, reserved 1048576K
}
Event: 14.571 GC heap after
{Heap after GC invocations=17 (full 2):
 garbage-first heap   total reserved 2041856K, committed 69632K, used 14685K [0x0000000083600000, 0x0000000100000000)
  region size 1024K, 2 young (2048K), 2 survivors (2048K)
 Metaspace       used 17382K, committed 17728K, reserved 1114112K
  class space    used 1804K, committed 1984K, reserved 1048576K
}
Event: 152.029 GC heap before
{Heap before GC invocations=17 (full 2):
 garbage-first heap   total reserved 2041856K, committed 69632K, used 52573K [0x0000000083600000, 0x0000000100000000)
  region size 1024K, 40 young (40960K), 2 survivors (2048K)
 Metaspace       used 21241K, committed 21504K, reserved 1114112K
  class space    used 2178K, committed 2304K, reserved 1048576K
}
Event: 152.032 GC heap after
{Heap after GC invocations=18 (full 2):
 garbage-first heap   total reserved 2041856K, committed 69632K, used 16152K [0x0000000083600000, 0x0000000100000000)
  region size 1024K, 3 young (3072K), 3 survivors (3072K)
 Metaspace       used 21241K, committed 21504K, reserved 1114112K
  class space    used 2178K, committed 2304K, reserved 1048576K
}

Dll operation events (13 events):
Event: 0.010 Loaded shared library C:\Program Files\Java\jdk-23\bin\java.dll
Event: 0.052 Loaded shared library C:\Program Files\Java\jdk-23\bin\jsvml.dll
Event: 0.220 Loaded shared library C:\Program Files\Java\jdk-23\bin\net.dll
Event: 0.222 Loaded shared library C:\Program Files\Java\jdk-23\bin\nio.dll
Event: 0.227 Loaded shared library C:\Program Files\Java\jdk-23\bin\zip.dll
Event: 0.259 Loaded shared library C:\Program Files\Java\jdk-23\bin\jimage.dll
Event: 0.404 Loaded shared library C:\Program Files\Java\jdk-23\bin\awt.dll
Event: 1.496 Loaded shared library C:\Program Files\Java\jdk-23\bin\prefs.dll
Event: 1.556 Loaded shared library C:\Program Files\Java\jdk-23\bin\freetype.dll
Event: 1.559 Loaded shared library C:\Program Files\Java\jdk-23\bin\fontmanager.dll
Event: 12.035 Loaded shared library C:\Users\mlamn\AppData\Local\Temp\lwjglmlamn\3.3.1-build-7\lwjgl.dll
Event: 12.702 Loaded shared library C:\Users\mlamn\AppData\Local\Temp\lwjglmlamn\3.3.1-build-7\lwjgl_opengl.dll
Event: 18.551 Loaded shared library C:\Program Files\Java\jdk-23\bin\verify.dll

Deoptimization events (20 events):
Event: 121.480 Thread 0x00000289c68dab30 DEOPT PACKING pc=0x00000289df1469eb sp=0x000000a64d1ff1b0
Event: 121.480 Thread 0x00000289c68dab30 DEOPT UNPACKING pc=0x00000289e61d84c2 sp=0x000000a64d1fe688 mode 0
Event: 137.038 Thread 0x00000289c740e590 DEOPT PACKING pc=0x00000289df156b5d sp=0x000000a64ebff0f0
Event: 137.038 Thread 0x00000289c740e590 DEOPT UNPACKING pc=0x00000289e61d84c2 sp=0x000000a64ebfe5e0 mode 0
Event: 176.729 Thread 0x00000289c68dab30 DEOPT PACKING pc=0x00000289df1469eb sp=0x000000a64d1ff210
Event: 176.729 Thread 0x00000289c68dab30 DEOPT UNPACKING pc=0x00000289e61d84c2 sp=0x000000a64d1fe6d8 mode 0
Event: 259.980 Thread 0x00000289c68dab30 DEOPT PACKING pc=0x00000289df1469eb sp=0x000000a64d1ff210
Event: 259.980 Thread 0x00000289c68dab30 DEOPT UNPACKING pc=0x00000289e61d84c2 sp=0x000000a64d1fe6d8 mode 0
Event: 364.079 Thread 0x00000289c68dab30 DEOPT PACKING pc=0x00000289df1469eb sp=0x000000a64d1ff2a0
Event: 364.079 Thread 0x00000289c68dab30 DEOPT UNPACKING pc=0x00000289e61d84c2 sp=0x000000a64d1fe768 mode 0
Event: 429.529 Thread 0x00000289c68dab30 DEOPT PACKING pc=0x00000289df1469eb sp=0x000000a64d1ff2a0
Event: 429.530 Thread 0x00000289c68dab30 DEOPT UNPACKING pc=0x00000289e61d84c2 sp=0x000000a64d1fe768 mode 0
Event: 819.465 Thread 0x00000289c68dab30 Uncommon trap: trap_request=0xffffff45 fr.pc=0x00000289e68ed728 relative=0x0000000000000088
Event: 819.465 Thread 0x00000289c68dab30 Uncommon trap: reason=unstable_if action=reinterpret pc=0x00000289e68ed728 method=org.lwjgl.glfw.GLFW.glfwWindowShouldClose(J)Z @ 20 c2
Event: 819.465 Thread 0x00000289c68dab30 DEOPT PACKING pc=0x00000289e68ed728 sp=0x000000a64d1ff6d0
Event: 819.465 Thread 0x00000289c68dab30 DEOPT UNPACKING pc=0x00000289e61d7982 sp=0x000000a64d1ff660 mode 2
Event: 819.520 Thread 0x00000289c740be30 Uncommon trap: trap_request=0xffffff9d fr.pc=0x00000289e68df894 relative=0x0000000000000a94
Event: 819.520 Thread 0x00000289c740be30 Uncommon trap: reason=unreached action=reinterpret pc=0x00000289e68df894 method=java.lang.Thread.sleepNanos(J)V @ 43 c2
Event: 819.520 Thread 0x00000289c740be30 DEOPT PACKING pc=0x00000289e68df894 sp=0x000000a64e4ff560
Event: 819.520 Thread 0x00000289c740be30 DEOPT UNPACKING pc=0x00000289e61d7982 sp=0x000000a64e4ff428 mode 2

Classes loaded (20 events):
Event: 19.186 Loading class java/lang/classfile/attribute/StackMapFrameInfo$SimpleVerificationTypeInfo
Event: 19.187 Loading class java/lang/classfile/attribute/StackMapFrameInfo$SimpleVerificationTypeInfo done
Event: 19.187 Loading class java/lang/classfile/attribute/StackMapFrameInfo$UninitializedVerificationTypeInfo
Event: 19.187 Loading class java/lang/classfile/attribute/StackMapFrameInfo$UninitializedVerificationTypeInfo done
Event: 19.187 Loading class jdk/internal/classfile/impl/TemporaryConstantPool
Event: 19.188 Loading class jdk/internal/classfile/impl/TemporaryConstantPool done
Event: 19.189 Loading class java/lang/reflect/Proxy$ProxyBuilder$1
Event: 19.189 Loading class java/lang/reflect/Proxy$ProxyBuilder$1 done
Event: 19.194 Loading class java/lang/reflect/UndeclaredThrowableException
Event: 19.195 Loading class java/lang/reflect/UndeclaredThrowableException done
Event: 19.202 Loading class jdk/internal/vm/annotation/IntrinsicCandidate
Event: 19.202 Loading class jdk/internal/vm/annotation/IntrinsicCandidate done
Event: 19.202 Loading class java/lang/annotation/Target
Event: 19.202 Loading class java/lang/annotation/Target done
Event: 19.208 Loading class java/lang/Deprecated
Event: 19.208 Loading class java/lang/Deprecated done
Event: 19.456 Loading class jdk/internal/math/FormattedFPDecimal
Event: 19.456 Loading class jdk/internal/math/FormattedFPDecimal done
Event: 852.523 Loading class jdk/internal/misc/Signal$1
Event: 852.523 Loading class jdk/internal/misc/Signal$1 done

Classes unloaded (0 events):
No events

Classes redefined (0 events):
No events

Internal exceptions (20 events):
Event: 12.047 Thread 0x00000289c68dab30 Exception <a 'java/lang/NoSuchMethodError'{0x0000000084c4d5b8}: 'java.lang.Object java.lang.invoke.DirectMethodHandle$Holder.newInvokeSpecial(java.lang.Object, java.lang.Object, long)'> (0x0000000084c4d5b8) 
thrown [s\open\src\hotspot\share\interpreter\linkResolver.cpp, line 796]
Event: 12.048 Thread 0x00000289c68dab30 Exception <a 'java/lang/NoSuchMethodError'{0x0000000084c50c68}: 'java.lang.Object java.lang.invoke.Invokers$Holder.linkToTargetMethod(java.lang.Object, long, java.lang.Object)'> (0x0000000084c50c68) 
thrown [s\open\src\hotspot\share\interpreter\linkResolver.cpp, line 796]
Event: 12.048 Thread 0x00000289c68dab30 Exception <a 'java/lang/NoSuchMethodError'{0x0000000084c58000}: 'int java.lang.invoke.DirectMethodHandle$Holder.invokeStaticInit(java.lang.Object, java.lang.Object, java.lang.Object, long)'> (0x0000000084c58000) 
thrown [s\open\src\hotspot\share\interpreter\linkResolver.cpp, line 796]
Event: 12.095 Thread 0x00000289c68dab30 Exception <a 'sun/nio/fs/WindowsException'{0x0000000084caaf80}> (0x0000000084caaf80) 
thrown [s\open\src\hotspot\share\prims\jni.cpp, line 520]
Event: 12.095 Thread 0x00000289c68dab30 Exception <a 'sun/nio/fs/WindowsException'{0x0000000084cab310}> (0x0000000084cab310) 
thrown [s\open\src\hotspot\share\prims\jni.cpp, line 520]
Event: 12.122 Thread 0x00000289c68dab30 Exception <a 'sun/nio/fs/WindowsException'{0x0000000084b22468}> (0x0000000084b22468) 
thrown [s\open\src\hotspot\share\prims\jni.cpp, line 520]
Event: 12.122 Thread 0x00000289c68dab30 Exception <a 'sun/nio/fs/WindowsException'{0x0000000084b227c8}> (0x0000000084b227c8) 
thrown [s\open\src\hotspot\share\prims\jni.cpp, line 520]
Event: 12.682 Thread 0x00000289c68dab30 Exception <a 'java/lang/NoSuchMethodError'{0x0000000084b72b50}: 'void java.lang.System.load(java.lang.String, java.lang.Class)'> (0x0000000084b72b50) 
thrown [s\open\src\hotspot\share\interpreter\linkResolver.cpp, line 796]
Event: 12.684 Thread 0x00000289c68dab30 Exception <a 'java/lang/NoSuchMethodError'{0x0000000084b755e0}: 'void java.lang.System.loadLibrary(java.lang.String, java.lang.Class)'> (0x0000000084b755e0) 
thrown [s\open\src\hotspot\share\interpreter\linkResolver.cpp, line 796]
Event: 12.697 Thread 0x00000289c68dab30 Exception <a 'sun/nio/fs/WindowsException'{0x0000000084b82050}> (0x0000000084b82050) 
thrown [s\open\src\hotspot\share\prims\jni.cpp, line 520]
Event: 12.697 Thread 0x00000289c68dab30 Exception <a 'sun/nio/fs/WindowsException'{0x0000000084b823f8}> (0x0000000084b823f8) 
thrown [s\open\src\hotspot\share\prims\jni.cpp, line 520]
Event: 12.706 Thread 0x00000289c68dab30 Exception <a 'sun/nio/fs/WindowsException'{0x0000000084b8f358}> (0x0000000084b8f358) 
thrown [s\open\src\hotspot\share\prims\jni.cpp, line 520]
Event: 12.706 Thread 0x00000289c68dab30 Exception <a 'sun/nio/fs/WindowsException'{0x0000000084b8f638}> (0x0000000084b8f638) 
thrown [s\open\src\hotspot\share\prims\jni.cpp, line 520]
Event: 13.407 Thread 0x00000289c68dab30 Exception <a 'sun/nio/fs/WindowsException'{0x0000000084e6c870}> (0x0000000084e6c870) 
thrown [s\open\src\hotspot\share\prims\jni.cpp, line 520]
Event: 13.407 Thread 0x00000289c68dab30 Exception <a 'sun/nio/fs/WindowsException'{0x0000000084e6cbf0}> (0x0000000084e6cbf0) 
thrown [s\open\src\hotspot\share\prims\jni.cpp, line 520]
Event: 13.579 Thread 0x00000289c68dab30 Exception <a 'java/lang/NoSuchMethodError'{0x0000000084e92520}: 'java.lang.Object java.lang.invoke.DirectMethodHandle$Holder.newInvokeSpecial(java.lang.Object, long)'> (0x0000000084e92520) 
thrown [s\open\src\hotspot\share\interpreter\linkResolver.cpp, line 796]
Event: 18.898 Thread 0x00000289c740df00 Implicit null exception at 0x00000289e67aef14 to 0x00000289e67af720
Event: 18.901 Thread 0x00000289c740df00 Implicit null exception at 0x00000289e6796290 to 0x00000289e6796a90
Event: 19.171 Thread 0x00000289c740df00 Exception <a 'java/lang/NoSuchMethodError'{0x00000000862128a8}: 'void java.lang.invoke.DirectMethodHandle$Holder.invokeStatic(java.lang.Object, int, java.lang.Object)'> (0x00000000862128a8) 
thrown [s\open\src\hotspot\share\interpreter\linkResolver.cpp, line 796]
Event: 819.520 Thread 0x00000289c740be30 Exception <a 'java/lang/InterruptedException'{0x0000000085e80040}: sleep interrupted> (0x0000000085e80040) 
thrown [s\open\src\hotspot\share\prims\jvm.cpp, line 3093]

VM Operations (20 events):
Event: 240.475 Executing VM operation: HandshakeAllThreads (HandshakeForDeflation) done
Event: 240.475 Executing VM operation: RendezvousGCThreads
Event: 240.475 Executing VM operation: RendezvousGCThreads done
Event: 420.929 Executing VM operation: HandshakeAllThreads (HandshakeForDeflation)
Event: 420.929 Executing VM operation: HandshakeAllThreads (HandshakeForDeflation) done
Event: 420.929 Executing VM operation: RendezvousGCThreads
Event: 420.929 Executing VM operation: RendezvousGCThreads done
Event: 601.277 Executing VM operation: HandshakeAllThreads (HandshakeForDeflation)
Event: 601.277 Executing VM operation: HandshakeAllThreads (HandshakeForDeflation) done
Event: 601.277 Executing VM operation: RendezvousGCThreads
Event: 601.277 Executing VM operation: RendezvousGCThreads done
Event: 781.692 Executing VM operation: HandshakeAllThreads (HandshakeForDeflation)
Event: 781.692 Executing VM operation: HandshakeAllThreads (HandshakeForDeflation) done
Event: 781.692 Executing VM operation: RendezvousGCThreads
Event: 781.692 Executing VM operation: RendezvousGCThreads done
Event: 841.776 Executing VM operation: HandshakeAllThreads (HandshakeForDeflation)
Event: 841.776 Executing VM operation: HandshakeAllThreads (HandshakeForDeflation) done
Event: 841.776 Executing VM operation: RendezvousGCThreads
Event: 841.776 Executing VM operation: RendezvousGCThreads done
Event: 852.631 Executing VM operation: Exit

Memory protections (0 events):
No events

Nmethod flushes (20 events):
Event: 14.133 Thread 0x00000289f38987e0 flushing  nmethod 0x00000289decaeb88
Event: 14.133 Thread 0x00000289f38987e0 flushing  nmethod 0x00000289decd3488
Event: 14.133 Thread 0x00000289f38987e0 flushing  nmethod 0x00000289ded3ce08
Event: 14.133 Thread 0x00000289f38987e0 flushing  nmethod 0x00000289ded3d388
Event: 14.133 Thread 0x00000289f38987e0 flushing  nmethod 0x00000289ded3e588
Event: 14.133 Thread 0x00000289f38987e0 flushing  nmethod 0x00000289ded3ef08
Event: 14.133 Thread 0x00000289f38987e0 flushing  nmethod 0x00000289ded3f708
Event: 14.133 Thread 0x00000289f38987e0 flushing  nmethod 0x00000289ded44808
Event: 14.133 Thread 0x00000289f38987e0 flushing  nmethod 0x00000289dedeb788
Event: 14.133 Thread 0x00000289f38987e0 flushing  nmethod 0x00000289dee11588
Event: 14.133 Thread 0x00000289f38987e0 flushing  nmethod 0x00000289dee28308
Event: 14.133 Thread 0x00000289f38987e0 flushing  nmethod 0x00000289dee90c88
Event: 14.133 Thread 0x00000289f38987e0 flushing  nmethod 0x00000289dee91c88
Event: 14.133 Thread 0x00000289f38987e0 flushing  nmethod 0x00000289deeae988
Event: 14.133 Thread 0x00000289f38987e0 flushing  nmethod 0x00000289deeaed88
Event: 14.133 Thread 0x00000289f38987e0 flushing  nmethod 0x00000289deeaf488
Event: 14.133 Thread 0x00000289f38987e0 flushing  nmethod 0x00000289deeb5888
Event: 14.133 Thread 0x00000289f38987e0 flushing  nmethod 0x00000289deeb6088
Event: 14.133 Thread 0x00000289f38987e0 flushing  nmethod 0x00000289deeb6d88
Event: 14.133 Thread 0x00000289f38987e0 flushing  nmethod 0x00000289deeb7a08

Events (20 events):
Event: 18.238 Thread 0x00000289f38fbb40 Thread added: 0x00000289c74564d0
Event: 18.244 Thread 0x00000289f38fbb40 Thread added: 0x00000289c74586e0
Event: 18.257 Thread 0x00000289c68dab30 Thread added: 0x00000289c740cb50
Event: 18.350 Thread 0x00000289c740df00 Thread added: 0x00000289c740e590
Event: 19.091 Thread 0x00000289c74586e0 Thread exited: 0x00000289c74586e0
Event: 19.505 Thread 0x00000289c74564d0 Thread exited: 0x00000289c74564d0
Event: 542.535 Thread 0x00000289c572c210 Thread added: 0x00000289c740d1e0
Event: 544.020 Thread 0x00000289c740d1e0 Thread exited: 0x00000289c740d1e0
Event: 819.520 Thread 0x00000289c740be30 Thread exited: 0x00000289c740be30
Event: 820.718 Thread 0x00000289c68dab30 Thread exited: 0x00000289c68dab30
Event: 852.524 Thread 0x00000289f38b9d90 Thread added: 0x00000289c740be30
Event: 852.527 Thread 0x00000289c740be30 Thread added: 0x00000289c740d1e0
Event: 852.527 Thread 0x00000289c740be30 Thread added: 0x00000289c740d870
Event: 852.527 Thread 0x00000289c740be30 Thread added: 0x00000289c70bb110
Event: 852.528 Thread 0x00000289c70bb110 Thread exited: 0x00000289c70bb110
Event: 852.529 Thread 0x00000289c572c210 Thread added: 0x00000289c70bcb50
Event: 852.529 Thread 0x00000289c740d1e0 Thread exited: 0x00000289c740d1e0
Event: 852.534 Thread 0x00000289c572c210 Thread exited: 0x00000289c572c210
Event: 852.631 Thread 0x00000289c740d870 Thread exited: 0x00000289c740d870
Event: 852.631 Thread 0x00000289c740be30 Before exit entered


Dynamic libraries:
0x00007ff7cd140000 - 0x00007ff7cd150000 	C:\Program Files\Java\jdk-23\bin\java.exe
0x00007ffea5320000 - 0x00007ffea5580000 	C:\WINDOWS\SYSTEM32\ntdll.dll
0x00007ffea38b0000 - 0x00007ffea3977000 	C:\WINDOWS\System32\KERNEL32.DLL
0x00007ffea2bd0000 - 0x00007ffea2f9a000 	C:\WINDOWS\System32\KERNELBASE.dll
0x00007ffea2810000 - 0x00007ffea295b000 	C:\WINDOWS\System32\ucrtbase.dll
0x00007ffe7f0b0000 - 0x00007ffe7f0cb000 	C:\Program Files\Java\jdk-23\bin\VCRUNTIME140.dll
0x00007ffe9a530000 - 0x00007ffe9a547000 	C:\Program Files\Java\jdk-23\bin\jli.dll
0x00007ffea3a50000 - 0x00007ffea3c1c000 	C:\WINDOWS\System32\USER32.dll
0x00007ffea2500000 - 0x00007ffea2527000 	C:\WINDOWS\System32\win32u.dll
0x00007ffe85710000 - 0x00007ffe859a7000 	C:\WINDOWS\WinSxS\amd64_microsoft.windows.common-controls_6595b64144ccf1df_6.0.26100.3624_none_3e086962e3345f24\COMCTL32.dll
0x00007ffea3990000 - 0x00007ffea39ba000 	C:\WINDOWS\System32\GDI32.dll
0x00007ffea46d0000 - 0x00007ffea4779000 	C:\WINDOWS\System32\msvcrt.dll
0x00007ffea29f0000 - 0x00007ffea2b21000 	C:\WINDOWS\System32\gdi32full.dll
0x00007ffea26a0000 - 0x00007ffea2743000 	C:\WINDOWS\System32\msvcp_win.dll
0x00007ffea50d0000 - 0x00007ffea50ff000 	C:\WINDOWS\System32\IMM32.DLL
0x00007ffe9a470000 - 0x00007ffe9a47c000 	C:\Program Files\Java\jdk-23\bin\vcruntime140_1.dll
0x00007ffe16710000 - 0x00007ffe1679e000 	C:\Program Files\Java\jdk-23\bin\msvcp140.dll
0x00007ffde3930000 - 0x00007ffde4680000 	C:\Program Files\Java\jdk-23\bin\server\jvm.dll
0x00007ffea4f30000 - 0x00007ffea4fe2000 	C:\WINDOWS\System32\ADVAPI32.dll
0x00007ffea44e0000 - 0x00007ffea4586000 	C:\WINDOWS\System32\sechost.dll
0x00007ffea4220000 - 0x00007ffea4336000 	C:\WINDOWS\System32\RPCRT4.dll
0x00007ffea3120000 - 0x00007ffea3194000 	C:\WINDOWS\System32\WS2_32.dll
0x00007ffea2370000 - 0x00007ffea23ce000 	C:\WINDOWS\SYSTEM32\POWRPROF.dll
0x00007ffe91190000 - 0x00007ffe9119b000 	C:\WINDOWS\SYSTEM32\VERSION.dll
0x00007ffe8aae0000 - 0x00007ffe8ab16000 	C:\WINDOWS\SYSTEM32\WINMM.dll
0x00007ffea2330000 - 0x00007ffea2344000 	C:\WINDOWS\SYSTEM32\UMPDC.dll
0x00007ffea1310000 - 0x00007ffea132a000 	C:\WINDOWS\SYSTEM32\kernel.appcore.dll
0x00007ffe962b0000 - 0x00007ffe962ba000 	C:\Program Files\Java\jdk-23\bin\jimage.dll
0x00007ffe9c310000 - 0x00007ffe9c551000 	C:\WINDOWS\SYSTEM32\DBGHELP.DLL
0x00007ffea3e90000 - 0x00007ffea4212000 	C:\WINDOWS\System32\combase.dll
0x00007ffea4ff0000 - 0x00007ffea50c6000 	C:\WINDOWS\System32\OLEAUT32.dll
0x00007ffe74390000 - 0x00007ffe743c9000 	C:\WINDOWS\SYSTEM32\dbgcore.DLL
0x00007ffea2b30000 - 0x00007ffea2bc9000 	C:\WINDOWS\System32\bcryptPrimitives.dll
0x00007ffe7f090000 - 0x00007ffe7f0ae000 	C:\Program Files\Java\jdk-23\bin\java.dll
0x00007ffea4340000 - 0x00007ffea44d6000 	C:\WINDOWS\System32\ole32.dll
0x00007ffea4780000 - 0x00007ffea4ea9000 	C:\WINDOWS\System32\SHELL32.dll
0x00007ffea2530000 - 0x00007ffea2698000 	C:\WINDOWS\System32\wintypes.dll
0x00007ffea01e0000 - 0x00007ffea0a32000 	C:\WINDOWS\SYSTEM32\windows.storage.dll
0x00007ffea45e0000 - 0x00007ffea46cd000 	C:\WINDOWS\System32\SHCORE.dll
0x00007ffea3270000 - 0x00007ffea32d4000 	C:\WINDOWS\System32\shlwapi.dll
0x00007ffea2410000 - 0x00007ffea243f000 	C:\WINDOWS\SYSTEM32\profapi.dll
0x00007ffe156a0000 - 0x00007ffe15777000 	C:\Program Files\Java\jdk-23\bin\jsvml.dll
0x00007ffe88320000 - 0x00007ffe88330000 	C:\Program Files\Java\jdk-23\bin\net.dll
0x00007ffea1830000 - 0x00007ffea189a000 	C:\WINDOWS\system32\mswsock.dll
0x00007ffe7ed20000 - 0x00007ffe7ed36000 	C:\Program Files\Java\jdk-23\bin\nio.dll
0x00007ffe79c10000 - 0x00007ffe79c27000 	C:\Program Files\Java\jdk-23\bin\zip.dll
0x00007ffe0c4f0000 - 0x00007ffe0c67e000 	C:\Program Files\Java\jdk-23\bin\awt.dll
0x00007ffe9c270000 - 0x00007ffe9c30c000 	C:\WINDOWS\SYSTEM32\apphelp.dll
0x00007ffe9c7d0000 - 0x00007ffe9c87e000 	C:\WINDOWS\system32\uxtheme.dll
0x00007ffea5110000 - 0x00007ffea526d000 	C:\WINDOWS\System32\MSCTF.dll
0x00007ffe9caf0000 - 0x00007ffe9cb26000 	C:\WINDOWS\system32\DWMAPI.DLL
0x00007ffe7b670000 - 0x00007ffe7b77c000 	C:\WINDOWS\system32\opengl32.dll
0x00007ffe7b900000 - 0x00007ffe7b92d000 	C:\WINDOWS\SYSTEM32\GLU32.dll
0x00007ffe9c940000 - 0x00007ffe9c987000 	C:\WINDOWS\SYSTEM32\dxcore.dll
0x00007ffe74820000 - 0x00007ffe74829000 	C:\Program Files\Java\jdk-23\bin\prefs.dll
0x00007ffe10670000 - 0x00007ffe106f7000 	C:\Program Files\Java\jdk-23\bin\freetype.dll
0x00007ffe06680000 - 0x00007ffe06757000 	C:\Program Files\Java\jdk-23\bin\fontmanager.dll
0x00007ffe87690000 - 0x00007ffe877d9000 	C:\WINDOWS\SYSTEM32\textinputframework.dll
0x00007ffe9beb0000 - 0x00007ffe9bfd6000 	C:\WINDOWS\SYSTEM32\CoreMessaging.dll
0x00007ffe96b20000 - 0x00007ffe96e03000 	C:\WINDOWS\SYSTEM32\CoreUIComponents.dll
0x00007ffea1af0000 - 0x00007ffea1afc000 	C:\WINDOWS\SYSTEM32\CRYPTBASE.DLL
0x00007ffe2b240000 - 0x00007ffe2b2b5000 	C:\Users\mlamn\AppData\Local\Temp\lwjglmlamn\3.3.1-build-7\lwjgl.dll
0x00007ffe2ac70000 - 0x00007ffe2aec9000 	C:\Users\mlamn\AppData\Local\Temp\lwjglmlamn\3.3.1-build-7\jemalloc.dll
0x00007ffe2b2f0000 - 0x00007ffe2b351000 	C:\Users\mlamn\AppData\Local\Temp\lwjglmlamn\3.3.1-build-7\glfw.dll
0x00007ffe54f00000 - 0x00007ffe54f4b000 	C:\WINDOWS\SYSTEM32\dinput8.dll
0x00007ffe74620000 - 0x00007ffe74632000 	C:\WINDOWS\SYSTEM32\xinput1_4.dll
0x00007ffea2010000 - 0x00007ffea206f000 	C:\WINDOWS\SYSTEM32\cfgmgr32.dll
0x00007ffea2080000 - 0x00007ffea20ad000 	C:\WINDOWS\SYSTEM32\DEVOBJ.dll
0x00007ffe86d60000 - 0x00007ffe86f40000 	C:\WINDOWS\SYSTEM32\inputhost.dll
0x00007ffe9c740000 - 0x00007ffe9c79e000 	C:\WINDOWS\SYSTEM32\directxdatabasehelper.dll
0x00007ffe8c230000 - 0x00007ffe8c24a000 	C:\WINDOWS\SYSTEM32\windows.staterepositorycore.dll
0x00007ffde1c50000 - 0x00007ffde2b97000 	C:\WINDOWS\System32\DriverStore\FileRepository\iigd_dch.inf_amd64_a2d86d775f73d911\ig11icd64.dll
0x00007ffe9c990000 - 0x00007ffe9cabe000 	C:\WINDOWS\system32\dxgi.dll
0x00007ffe92770000 - 0x00007ffe94bb9000 	C:\WINDOWS\System32\DriverStore\FileRepository\iigd_dch.inf_amd64_a2d86d775f73d911\igc64.dll
0x00007ffe94c20000 - 0x00007ffe94dc4000 	C:\WINDOWS\System32\DriverStore\FileRepository\iigd_dch.inf_amd64_a2d86d775f73d911\igdgmm64.dll
0x00007ffe2b1e0000 - 0x00007ffe2b23d000 	C:\Users\mlamn\AppData\Local\Temp\lwjglmlamn\3.3.1-build-7\lwjgl_opengl.dll
0x00007ffea0a40000 - 0x00007ffea0a4f000 	C:\WINDOWS\SYSTEM32\HID.DLL
0x00007ffea3420000 - 0x00007ffea38a6000 	C:\WINDOWS\System32\SETUPAPI.DLL
0x00007ffea2960000 - 0x00007ffea29df000 	C:\WINDOWS\System32\WINTRUST.dll
0x00007ffea2fa0000 - 0x00007ffea3117000 	C:\WINDOWS\System32\CRYPT32.dll
0x00007ffea1b40000 - 0x00007ffea1b53000 	C:\WINDOWS\SYSTEM32\MSASN1.dll
0x00007ffe2aad0000 - 0x00007ffe2ac67000 	C:\Users\mlamn\AppData\Local\Temp\lwjglmlamn\3.3.1-build-7\OpenAL.dll
0x00007ffea31a0000 - 0x00007ffea3248000 	C:\WINDOWS\System32\clbcatq.dll
0x00007ffe977d0000 - 0x00007ffe9786a000 	C:\WINDOWS\System32\MMDevApi.dll
0x00007ffe8d950000 - 0x00007ffe8db0d000 	C:\WINDOWS\SYSTEM32\AUDIOSES.DLL
0x00007ffe9ce70000 - 0x00007ffe9ce84000 	C:\WINDOWS\SYSTEM32\resourcepolicyclient.dll
0x00007ffe88290000 - 0x00007ffe882a0000 	C:\Program Files\Java\jdk-23\bin\verify.dll

dbghelp: loaded successfully - version: 4.0.5 - missing functions: none
symbol engine: initialized successfully - sym options: 0x614 - pdb path: .;C:\Program Files\Java\jdk-23\bin;C:\WINDOWS\SYSTEM32;C:\WINDOWS\WinSxS\amd64_microsoft.windows.common-controls_6595b64144ccf1df_6.0.26100.3624_none_3e086962e3345f24;C:\Program Files\Java\jdk-23\bin\server;C:\Users\mlamn\AppData\Local\Temp\lwjglmlamn\3.3.1-build-7;C:\WINDOWS\System32\DriverStore\FileRepository\iigd_dch.inf_amd64_a2d86d775f73d911

VM Arguments:
jvm_args: -XX:+ShowCodeDetailsInExceptionMessages 
java_command: voxel.Main
java_class_path (initial): C:\Users\mlamn\OneDrive\Bureau\javaPo\pl\target\classes;C:\Users\mlamn\.m2\repository\org\jmonkeyengine\jme3-core\3.5.2-stable\jme3-core-3.5.2-stable.jar;C:\Users\mlamn\.m2\repository\org\jmonkeyengine\jme3-desktop\3.5.2-stable\jme3-desktop-3.5.2-stable.jar;C:\Users\mlamn\.m2\repository\org\jmonkeyengine\jme3-lwjgl3\3.5.2-stable\jme3-lwjgl3-3.5.2-stable.jar;C:\Users\mlamn\.m2\repository\org\lwjgl\lwjgl\3.3.1\lwjgl-3.3.1.jar;C:\Users\mlamn\.m2\repository\org\lwjgl\lwjgl-glfw\3.3.1\lwjgl-glfw-3.3.1.jar;C:\Users\mlamn\.m2\repository\org\lwjgl\lwjgl-jemalloc\3.3.1\lwjgl-jemalloc-3.3.1.jar;C:\Users\mlamn\.m2\repository\org\lwjgl\lwjgl-openal\3.3.1\lwjgl-openal-3.3.1.jar;C:\Users\mlamn\.m2\repository\org\lwjgl\lwjgl-opencl\3.3.1\lwjgl-opencl-3.3.1.jar;C:\Users\mlamn\.m2\repository\org\lwjgl\lwjgl-opengl\3.3.1\lwjgl-opengl-3.3.1.jar;C:\Users\mlamn\.m2\repository\org\lwjgl\lwjgl\3.3.1\lwjgl-3.3.1-natives-windows.jar;C:\Users\mlamn\.m2\repository\org\lwjgl\lwjgl\3.3.1\lwjgl-3.3.1-natives-windows-x86.jar;C:\Users\mlamn\.m2\repository\org\lwjgl\lwjgl\3.3.1\lwjgl-3.3.1-natives-linux.jar;C:\Users\mlamn\.m2\repository\org\lwjgl\lwjgl\3.3.1\lwjgl-3.3.1-natives-linux-arm32.jar;C:\Users\mlamn\.m2\repository\org\lwjgl\lwjgl\3.3.1\lwjgl-3.3.1-natives-linux-arm64.jar;C:\Users\mlamn\.m2\repository\org\lwjgl\lwjgl\3.3.1\lwjgl-3.3.1-natives-macos.jar;C:\Users\mlamn\.m2\repository\org\lwjgl\lwjgl\3.3.1\lwjgl-3.3.1-natives-macos-arm64.jar;C:\Users\mlamn\.m2\repository\org\lwjgl\lwjgl-glfw\3.3.1\lwjgl-glfw-3.3.1-natives-windows.jar;C:\Users\mlamn\.m2\repository\org\lwjgl\lwjgl-glfw\3.3.1\lwjgl-glfw-3.3.1-natives-windows-x86.jar;C:\Users\mlamn\.m2\repository\org\lwjgl\lwjgl-glfw\3.3.1\lwjgl-glfw-3.3.1-natives-linux.jar;C:\Users\mlamn\.m2\repository\org\lwjgl\lwjgl-glfw\3.3.1\lwjgl-glfw-3.3.1-natives-linux-arm32.jar;C:\Users\mlamn\.m2\repository\org\lwjgl\lwjgl-glfw\3.3.1\lwjgl-glfw-3.3.1-natives-linux-arm64.jar;C:\Users\mlamn\.m2\repository\org\lwjgl\lwjgl-glfw\3.3.1\lwjgl-glfw-3.3.1-natives-macos.jar;C:\Users\mlamn\.m2\repository\org\lwjgl\lwjgl-glfw\3.3.1\lwjgl-glfw-3.3.1-natives-macos-arm64.jar;C:\Users\mlamn\.m2\repository\org\lwjgl\lwjgl-jemalloc\3.3.1\lwjgl-jemalloc-3.3.1-natives-windows.jar;C:\Users\mlamn\.m2\repository\org\lwjgl\lwjgl-jemalloc\3.3.1\lwjgl-jemalloc-3.3.1-natives-windows-x86.jar;C:\Users\mlamn\.m2\repository\org\lwjgl\lwjgl-jemalloc\3.3.1\lwjgl-jemalloc-3.3.1-natives-linux.jar;C:\Users\mlamn\.m2\repository\org\lwjgl\lwjgl-jemalloc\3.3.1\lwjgl-jemalloc-3.3.1-natives-linux-arm32.jar;C:\Users\mlamn\.m2\repository\org\lwjgl\lwjgl-jemalloc\3.3.1\lwjgl-jemalloc-3.3.1-natives-linux-arm64.jar;C:\Users\mlamn\.m2\repository\org\lwjgl\lwjgl-jemalloc\3.3.1\lwjgl-jemalloc-3.3.1-natives-macos.jar;C:\Users\mlamn\.m2\repository\org\lwjgl\lwjgl-jemalloc\3.3.1\lwjgl-jemalloc-3.3.1-natives-macos-arm64.jar;C:\Users\mlamn\.m2\repository\org\lwjgl\lwjgl-opengl\3.3.1\lwjgl-opengl-3.3.1-natives-windows.jar;C:\Users\mlamn\.m2\repository\org\lwjgl\lwjgl-opengl\3.3.1\lwjgl-opengl-3.3.1-natives-windows-x86.jar;C:\Users\mlamn\.m2\repository\org\lwjgl\lwjgl-opengl\3.3.1\lwjgl-opengl-3.3.1-natives-linux.jar;C:\Users\mlamn\.m2\repository\org\lwjgl\lwjgl-opengl\3.3.1\lwjgl-opengl-3.3.1-natives-linux-arm32.jar;C:\Users\mlamn\.m2\repository\org\lwjgl\lwjgl-opengl\3.3.1\lwjgl-opengl-3.3.1-natives-linux-arm64.jar;C:\Users\mlamn\.m2\repository\org\lwjgl\lwjgl-opengl\3.3.1\lwjgl-opengl-3.3.1-natives-macos.jar;C:\Users\mlamn\.m2\repository\org\lwjgl\lwjgl-opengl\3.3.1\lwjgl-opengl-3.3.1-natives-macos-arm64.jar;C:\Users\mlamn\.m2\repository\org\lwjgl\lwjgl-openal\3.3.1\lwjgl-openal-3.3.1-natives-windows.jar;C:\Users\mlamn\.m2\repository\org\lwjgl\lwjgl-openal\3.3.1\lwjgl-openal-3.3.1-natives-windows-x86.jar;C:\Users\mlamn\.m2\repository\org\lwjgl\lwjgl-openal\3.3.1\lwjgl-openal-3.3.1-natives-linux.jar;C:\Users\mlamn\.m2\repository\org\lwjgl\lwjgl-openal\3.3.1\lwjgl-openal-3.3.1-natives-linux-arm32.jar;C:\Users\mlamn\.m2\repository\org\lwjgl\lwjgl-openal\3.3.1\lwjgl-openal-3.3.1-natives-linux-arm64.jar;C:\Users\mlamn\.m2\repository\org\lwjgl\lwjgl-openal\3.3.1\lwjgl-openal-3.3.1-natives-macos.jar;C:\Users\mlamn\.m2\repository\org\lwjgl\lwjgl-openal\3.3.1\lwjgl-openal-3.3.1-natives-macos-arm64.jar;C:\Users\mlamn\.m2\repository\org\jmonkeyengine\jme3-plugins\3.5.2-stable\jme3-plugins-3.5.2-stable.jar;C:\Users\mlamn\.m2\repository\com\google\code\gson\gson\2.8.1\gson-2.8.1.jar;C:\Users\mlamn\.m2\repository\org\jmonkeyengine\jme3-niftygui\3.5.2-stable\jme3-niftygui-3.5.2-stable.jar;C:\Users\mlamn\.m2\repository\com\github\nifty-gui\nifty\1.4.3\nifty-1.4.3.jar;C:\Users\mlamn\.m2\repository\xpp3\xpp3\1.1.4c\xpp3-1.1.4c.jar;C:\Users\mlamn\.m2\repository\com\google\code\findbugs\jsr305\2.0.2\jsr305-2.0.2.jar;C:\Users\mlamn\.m2\repository\com\github\nifty-gui\nifty-default-controls\1.4.3\nifty-default-controls-1.4.3.jar;C:\Users\mlamn\.m2\repository\com\github\nifty-gui\nifty-style-black\1.4.3\nifty-style-black-1.4.3.jar;C:\Users\mlamn\.m2\repository\org\jmonkeyengine\jme3-jogg\3.5.2-stable\jme3-jogg-3.5.2-stable.jar;C:\Users\mlamn\.m2\repository\com\github\stephengold\j-ogg-all\1.0.1\j-ogg-all-1.0.1.jar;C:\Users\mlamn\.m2\repository\javax\media\jmf\2.1.1e\jmf-2.1.1e.jar
Launcher Type: SUN_STANDARD

[Global flags]
     intx CICompilerCount                          = 4                                         {product} {ergonomic}
     uint ConcGCThreads                            = 2                                         {product} {ergonomic}
     uint G1ConcRefinementThreads                  = 8                                         {product} {ergonomic}
   size_t G1HeapRegionSize                         = 1048576                                   {product} {ergonomic}
   size_t InitialHeapSize                          = 132120576                                 {product} {ergonomic}
   size_t MarkStackSize                            = 4194304                                   {product} {ergonomic}
   size_t MarkStackSizeMax                         = 536870912                                 {product} {ergonomic}
   size_t MaxHeapSize                              = 2090860544                                {product} {ergonomic}
   size_t MaxNewSize                               = 1254096896                                {product} {ergonomic}
   size_t MinHeapDeltaBytes                        = 1048576                                   {product} {ergonomic}
   size_t MinHeapSize                              = 8388608                                   {product} {ergonomic}
    uintx NonNMethodCodeHeapSize                   = 5832704                                {pd product} {ergonomic}
    uintx NonProfiledCodeHeapSize                  = 122945536                              {pd product} {ergonomic}
    uintx ProfiledCodeHeapSize                     = 122880000                              {pd product} {ergonomic}
    uintx ReservedCodeCacheSize                    = 251658240                              {pd product} {ergonomic}
     bool SegmentedCodeCache                       = true                                      {product} {ergonomic}
     bool ShowCodeDetailsInExceptionMessages       = true                                   {manageable} {command line}
   size_t SoftMaxHeapSize                          = 2090860544                             {manageable} {ergonomic}
     bool UseCompressedOops                        = true                           {product lp64_product} {ergonomic}
     bool UseG1GC                                  = true                                      {product} {ergonomic}
     bool UseLargePagesIndividualAllocation        = false                                  {pd product} {ergonomic}

Logging:
Log output configuration:
 #0: stdout all=off uptime,level,tags foldmultilines=false
 #1: stderr all=off uptime,level,tags foldmultilines=false

Environment Variables:
PATH=C:\Program Files\Common Files\Oracle\Java\javapath;C:\Program Files (x86)\NVIDIA Corporation\PhysX\Common;C:\WINDOWS\system32;C:\WINDOWS;C:\WINDOWS\System32\Wbem;C:\WINDOWS\System32\WindowsPowerShell\v1.0\;C:\WINDOWS\System32\OpenSSH\;C:\Program Files (x86)\Windows Kits\8.1\Windows Performance Toolkit\;C:\Program Files (x86)\Bitvise SSH Client;C:\Program Files\Git\cmd;C:\Users\mlamn\AppData\Local\Microsoft\WindowsApps;C:\Users\mlamn\AppData\Local\Programs\Microsoft VS Code\bin;C:\apps\apache-maven-3.9.9\bin\;C:\Users\mlamn\AppData\Local\Programs\cursor\resources\app\bin
USERNAME=mlamn
LANG=en_US.UTF-8
OS=Windows_NT
PROCESSOR_IDENTIFIER=Intel64 Family 6 Model 126 Stepping 5, GenuineIntel
TMP=C:\Users\mlamn\AppData\Local\Temp
TEMP=C:\Users\mlamn\AppData\Local\Temp




Periodic native trim disabled

---------------  S Y S T E M  ---------------

OS:
 Windows 11 , 64 bit Build 26100 (10.0.26100.3775)
OS uptime: 0 days 3:13 hours

CPU: total 8 (initial active 8) (4 cores per cpu, 2 threads per core) family 6 model 126 stepping 5 microcode 0xa0, cx8, cmov, fxsr, ht, mmx, 3dnowpref, sse, sse2, sse3, ssse3, sse4.1, sse4.2, popcnt, lzcnt, tsc, tscinvbit, avx, avx2, aes, erms, clmul, bmi1, bmi2, adx, avx512f, avx512dq, avx512cd, avx512bw, avx512vl, sha, fma, vzeroupper, avx512_vpopcntdq, avx512_vpclmulqdq, avx512_vaes, avx512_vnni, clflush, clflushopt, avx512_vbmi2, avx512_vbmi, rdtscp, rdpid, fsrm, gfni, avx512_bitalg, f16c, pku, avx512_ifma
Processor Information for the first 8 processors :
  Max Mhz: 1190, Current Mhz: 991, Mhz Limit: 987

Memory: 4k page, system-wide physical 7969M (1126M free)
TotalPageFile size 20692M (AvailPageFile size 4161M)
current process WorkingSet (physical memory assigned to process): 290M, peak: 431M
current process commit charge ("private bytes"): 522M, peak: 619M

vm_info: Java HotSpot(TM) 64-Bit Server VM (23.0.2+7-58) for windows-amd64 JRE (23.0.2+7-58), built on 2024-11-29T09:34:55Z with MS VC++ 17.6 (VS2022)

END.
